#
# There is insufficient memory for the Java Runtime Environment to continue.
# Native memory allocation (mmap) failed to map 465567744 bytes for committing reserved memory.
# Possible reasons:
#   The system is out of physical RAM or swap space
#   The process is running with CompressedOops enabled, and the Java Heap may be blocking the growth of the native heap
# Possible solutions:
#   Reduce memory load on the system
#   Increase physical memory or swap space
#   Check if swap backing store is full
#   Decrease Java heap size (-Xmx/-Xms)
#   Decrease number of Java threads
#   Decrease Java thread stack sizes (-Xss)
#   Set larger code cache with -XX:ReservedCodeCacheSize=
#   JVM is running with Unscaled Compressed Oops mode in which the Java heap is
#     placed in the first 4GB address space. The Java Heap base address is the
#     maximum limit for the native heap growth. Please use -XX:HeapBaseMinAddress
#     to set the Java Heap base and to place the Java Heap above 4GB virtual address.
# This output file may be truncated or incomplete.
#
#  Out of Memory Error (os_linux.cpp:2728), pid=4830, tid=4843
#
# JRE version: OpenJDK Runtime Environment Temurin-17+35 (17.0+35) (build 17+35)
# Java VM: OpenJDK 64-Bit Server VM Temurin-17+35 (17+35, mixed mode, emulated-client, tiered, compressed oops, compressed class ptrs, g1 gc, linux-amd64)
# Core dump will be written. Default location: Core dumps may be processed with "/usr/share/apport/apport %p %s %c %d %P %E" (or dumping to /home/tectoro/sample/edureka-9/core.4830)
#

---------------  S U M M A R Y ------------

Command Line: -Dcom.sun.management.jmxremote -Dcom.sun.management.jmxremote.port=38285 -Dcom.sun.management.jmxremote.authenticate=false -Dcom.sun.management.jmxremote.ssl=false -Djava.rmi.server.hostname=localhost -Dspring.jmx.enabled=true -Dspring.application.admin.enabled=true -Djava.security.egd=file:/dev/./urandom -XX:TieredStopAtLevel=1 -Dspring.boot.project.name=edureka-9 -Dfile.encoding=UTF-8 -XX:+ShowCodeDetailsInExceptionMessages com.tectoro.demo.Edureka9Application

Host: Intel(R) Core(TM) i5-8500 CPU @ 3.00GHz, 6 cores, 7G, Ubuntu 16.04.7 LTS
Time: Wed Feb 23 16:27:37 2022 IST elapsed time: 270.488050 seconds (0d 0h 4m 30s)

---------------  T H R E A D  ---------------

Current thread (0x00007f525c1645d0):  VMThread "VM Thread" [stack: 0x00007f5250700000,0x00007f5250800000] [id=4843]

Stack: [0x00007f5250700000,0x00007f5250800000],  sp=0x00007f52507fdda0,  free space=1015k
Native frames: (J=compiled Java code, j=interpreted, Vv=VM code, C=native code)
V  [libjvm.so+0xf8a601]  VMError::report_and_die(int, char const*, char const*, __va_list_tag*, Thread*, unsigned char*, void*, void*, char const*, int, unsigned long)+0x1a1
V  [libjvm.so+0xf8b28b]  VMError::report_and_die(Thread*, char const*, int, unsigned long, VMErrorType, char const*, __va_list_tag*)+0x2b
V  [libjvm.so+0x61c01d]  report_vm_out_of_memory(char const*, int, unsigned long, VMErrorType, char const*, ...)+0xcd
V  [libjvm.so+0xc44768]  os::pd_commit_memory_or_exit(char*, unsigned long, unsigned long, bool, char const*)+0x108
V  [libjvm.so+0xc3db4d]  os::commit_memory_or_exit(char*, unsigned long, unsigned long, bool, char const*)+0x1d
V  [libjvm.so+0x75dec4]  G1PageBasedVirtualSpace::commit(unsigned long, unsigned long)+0x154
V  [libjvm.so+0x773f51]  G1RegionsLargerThanCommitSizeMapper::commit_regions(unsigned int, unsigned long, WorkGang*)+0x181
V  [libjvm.so+0x8029c8]  HeapRegionManager::commit_regions(unsigned int, unsigned long, WorkGang*)+0x88
V  [libjvm.so+0x804589]  HeapRegionManager::expand(unsigned int, unsigned int, WorkGang*)+0x29
V  [libjvm.so+0x8047cc]  HeapRegionManager::expand_by(unsigned int, WorkGang*)+0x7c
V  [libjvm.so+0x70e379]  G1CollectedHeap::expand(unsigned long, WorkGang*, double*)+0xe9
V  [libjvm.so+0x70ede8]  G1CollectedHeap::expand_heap_after_young_collection()+0x38
V  [libjvm.so+0x711f1a]  G1CollectedHeap::do_collection_pause_at_safepoint_helper(double)+0x5ca
V  [libjvm.so+0x71220f]  G1CollectedHeap::do_collection_pause_at_safepoint(double)+0x2f
V  [libjvm.so+0x7942d7]  VM_G1CollectForAllocation::doit()+0x47
V  [libjvm.so+0xf8f913]  VM_Operation::evaluate()+0x173
V  [libjvm.so+0xf91416]  VMThread::evaluate_operation(VM_Operation*)+0x106
V  [libjvm.so+0xf91985]  VMThread::inner_execute(VM_Operation*)+0x1d5
V  [libjvm.so+0xf91c5f]  VMThread::run()+0xbf
V  [libjvm.so+0xf0ea02]  Thread::call_run()+0xe2
V  [libjvm.so+0xc47501]  thread_native_entry(Thread*)+0xe1

VM_Operation (0x00007f51f32e19e0): G1CollectForAllocation, mode: safepoint, requested by thread 0x00007f51c8005af0


---------------  P R O C E S S  ---------------

Threads class SMR info:
_java_thread_list=0x00007f51c0195fa0, length=20, elements={
0x00007f525c027200, 0x00007f525c1737d0, 0x00007f525c174e90, 0x00007f525c199f90,
0x00007f525c19b350, 0x00007f525c19c740, 0x00007f525c19dc90, 0x00007f525c19f110,
0x00007f525c260470, 0x00007f525c2d08c0, 0x00007f5224000bd0, 0x00007f525c6a08d0,
0x00007f525c6aab70, 0x00007f5208001270, 0x00007f51fc00c150, 0x00007f525c6bfb40,
0x00007f5204001680, 0x00007f51ec00b6c0, 0x00007f525c7eb900, 0x00007f51c8005af0
}

Java Threads: ( => current thread )
  0x00007f525c027200 JavaThread "main" [_thread_blocked, id=4836, stack(0x00007f52647fa000,0x00007f52648fb000)]
  0x00007f525c1737d0 JavaThread "Reference Handler" daemon [_thread_blocked, id=4844, stack(0x00007f52505fe000,0x00007f52506ff000)]
  0x00007f525c174e90 JavaThread "Finalizer" daemon [_thread_blocked, id=4845, stack(0x00007f52504fd000,0x00007f52505fe000)]
  0x00007f525c199f90 JavaThread "Signal Dispatcher" daemon [_thread_blocked, id=4846, stack(0x00007f5250124000,0x00007f5250225000)]
  0x00007f525c19b350 JavaThread "Service Thread" daemon [_thread_blocked, id=4847, stack(0x00007f5250023000,0x00007f5250124000)]
  0x00007f525c19c740 JavaThread "Monitor Deflation Thread" daemon [_thread_blocked, id=4848, stack(0x00007f5241eff000,0x00007f5242000000)]
  0x00007f525c19dc90 JavaThread "C1 CompilerThread0" daemon [_thread_blocked, id=4849, stack(0x00007f5241dfe000,0x00007f5241eff000)]
  0x00007f525c19f110 JavaThread "Sweeper thread" daemon [_thread_blocked, id=4850, stack(0x00007f5241cfd000,0x00007f5241dfe000)]
  0x00007f525c260470 JavaThread "Common-Cleaner" daemon [_thread_blocked, id=4851, stack(0x00007f5241bfc000,0x00007f5241cfd000)]
  0x00007f525c2d08c0 JavaThread "Notification Thread" daemon [_thread_blocked, id=4852, stack(0x00007f5241afb000,0x00007f5241bfc000)]
  0x00007f5224000bd0 JavaThread "Attach Listener" daemon [_thread_blocked, id=4853, stack(0x00007f52411c5000,0x00007f52412c6000)]
  0x00007f525c6a08d0 JavaThread "RMI TCP Accept-0" daemon [_thread_in_native, id=4868, stack(0x00007f52410c4000,0x00007f52411c5000)]
  0x00007f525c6aab70 JavaThread "RMI TCP Accept-38285" daemon [_thread_in_native, id=4869, stack(0x00007f52404fc000,0x00007f52405fd000)]
  0x00007f5208001270 JavaThread "RMI TCP Connection(idle)" daemon [_thread_blocked, id=4876, stack(0x00007f52403fb000,0x00007f52404fc000)]
  0x00007f51fc00c150 JavaThread "RMI Scheduler(0)" daemon [_thread_blocked, id=4882, stack(0x00007f52402fa000,0x00007f52403fb000)]
  0x00007f525c6bfb40 JavaThread "RMI TCP Accept-0" daemon [_thread_in_native, id=4886, stack(0x00007f52401f9000,0x00007f52402fa000)]
  0x00007f5204001680 JavaThread "RMI TCP Connection(4)-127.0.0.1" daemon [_thread_blocked, id=4923, stack(0x00007f51f3cf0000,0x00007f51f3df1000)]
  0x00007f51ec00b6c0 JavaThread "JMX server connection timeout 21" daemon [_thread_blocked, id=4932, stack(0x00007f51f33e7000,0x00007f51f34e8000)]
  0x00007f525c7eb900 JavaThread "Thread-0" [_thread_blocked, id=4963, stack(0x00007f51f32e6000,0x00007f51f33e7000)]
  0x00007f51c8005af0 JavaThread "restartedMain" [_thread_blocked, id=4968, stack(0x00007f51f31e5000,0x00007f51f32e6000)]

Other Threads:
=>0x00007f525c1645d0 VMThread "VM Thread" [stack: 0x00007f5250700000,0x00007f5250800000] [id=4843]
  0x00007f525c6c19c0 WatcherThread [stack: 0x00007f52400f9000,0x00007f52401f9000] [id=4887]
  0x00007f525c064a40 GCTaskThread "GC Thread#0" [stack: 0x00007f52600a7000,0x00007f52601a7000] [id=4838]
  0x00007f52380052e0 GCTaskThread "GC Thread#1" [stack: 0x00007f51f3bf0000,0x00007f51f3cf0000] [id=4924]
  0x00007f523800bbd0 GCTaskThread "GC Thread#2" [stack: 0x00007f51f3aef000,0x00007f51f3bef000] [id=4925]
  0x00007f523800c950 GCTaskThread "GC Thread#3" [stack: 0x00007f51f39ee000,0x00007f51f3aee000] [id=4926]
  0x00007f523800d7b0 GCTaskThread "GC Thread#4" [stack: 0x00007f51f38ed000,0x00007f51f39ed000] [id=4927]
  0x00007f523800e610 GCTaskThread "GC Thread#5" [stack: 0x00007f51f37ec000,0x00007f51f38ec000] [id=4928]
  0x00007f525c075330 ConcurrentGCThread "G1 Main Marker" [stack: 0x00007f5251bfb000,0x00007f5251cfb000] [id=4839]
  0x00007f525c076290 ConcurrentGCThread "G1 Conc#0" [stack: 0x00007f5251afa000,0x00007f5251bfa000] [id=4840]
  0x00007f5244000a90 ConcurrentGCThread "G1 Conc#1" [stack: 0x00007f51f2700000,0x00007f51f2800000] [id=5022]
  0x00007f525c0e1d90 ConcurrentGCThread "G1 Refine#0" [stack: 0x00007f52513f3000,0x00007f52514f3000] [id=4841]
  0x00007f523c000a90 ConcurrentGCThread "G1 Refine#1" [stack: 0x00007f51f36eb000,0x00007f51f37eb000] [id=4929]
  0x00007f51d8000a90 ConcurrentGCThread "G1 Refine#2" [stack: 0x00007f51f35ea000,0x00007f51f36ea000] [id=4930]
  0x00007f51cc000a90 ConcurrentGCThread "G1 Refine#3" [stack: 0x00007f51f34e9000,0x00007f51f35e9000] [id=4931]
  0x00007f525c0e2c80 ConcurrentGCThread "G1 Service" [stack: 0x00007f52512f2000,0x00007f52513f2000] [id=4842]

Threads with active compile tasks:
C1 CompilerThread0   273171 3606  s    1       java.io.ByteArrayInputStream::read (73 bytes)

VM state: at safepoint (normal execution)

VM Mutex/Monitor currently owned by a thread:  ([mutex/lock_event])
[0x00007f525c022150] Threads_lock - owner thread: 0x00007f525c1645d0
[0x00007f525c022900] Heap_lock - owner thread: 0x00007f51c8005af0

Heap address: 0x0000000086800000, size: 1944 MB, Compressed Oops mode: 32-bit

CDS archive(s) not mapped
Compressed class space mapped at: 0x0000000100000000-0x0000000140000000, reserved size: 1073741824
Narrow klass base: 0x0000000000000000, Narrow klass shift: 3, Narrow klass range: 0x140000000

GC Precious Log:
 CPUs: 6 total, 6 available
 Memory: 7772M
 Large Page Support: Disabled
 NUMA Support: Disabled
 Compressed Oops: Enabled (32-bit)
 Heap Region Size: 1M
 Heap Min Capacity: 8M
 Heap Initial Capacity: 122M
 Heap Max Capacity: 1944M
 Pre-touch: Disabled
 Parallel Workers: 6
 Concurrent Workers: 2
 Concurrent Refinement Workers: 6
 Periodic GC: Disabled

Heap:
 garbage-first heap   total 227328K, used 15511K [0x0000000086800000, 0x0000000100000000)
  region size 1024K, 1 young (1024K), 1 survivors (1024K)
 Metaspace       used 34690K, committed 35072K, reserved 1081344K
  class space    used 4345K, committed 4544K, reserved 1048576K

Heap Regions: E=young(eden), S=young(survivor), O=old, HS=humongous(starts), HC=humongous(continues), CS=collection set, F=free, OA=open archive, CA=closed archive, TAMS=top-at-mark-start (previous, next)
|   0|0x0000000086800000, 0x0000000086900000, 0x0000000086900000|100%|HS|  |TAMS 0x0000000086900000, 0x0000000086800000| Complete 
|   1|0x0000000086900000, 0x0000000086a00000, 0x0000000086a00000|100%| O|  |TAMS 0x0000000086a00000, 0x0000000086900000| Untracked 
|   2|0x0000000086a00000, 0x0000000086b00000, 0x0000000086b00000|100%| O|  |TAMS 0x0000000086b00000, 0x0000000086a00000| Untracked 
|   3|0x0000000086b00000, 0x0000000086c00000, 0x0000000086c00000|100%| O|  |TAMS 0x0000000086c00000, 0x0000000086b00000| Untracked 
|   4|0x0000000086c00000, 0x0000000086d00000, 0x0000000086d00000|100%| O|  |TAMS 0x0000000086d00000, 0x0000000086c00000| Untracked 
|   5|0x0000000086d00000, 0x0000000086e00000, 0x0000000086e00000|100%| O|  |TAMS 0x0000000086e00000, 0x0000000086d00000| Untracked 
|   6|0x0000000086e00000, 0x0000000086f00000, 0x0000000086f00000|100%| O|  |TAMS 0x0000000086f00000, 0x0000000086e00000| Untracked 
|   7|0x0000000086f00000, 0x0000000087000000, 0x0000000087000000|100%| O|  |TAMS 0x0000000086f00000, 0x0000000086f00000| Untracked 
|   8|0x0000000087000000, 0x0000000087100000, 0x0000000087100000|100%| O|  |TAMS 0x0000000087000000, 0x0000000087000000| Untracked 
|   9|0x0000000087100000, 0x0000000087200000, 0x0000000087200000|100%| O|  |TAMS 0x0000000087100000, 0x0000000087100000| Untracked 
|  10|0x0000000087200000, 0x0000000087300000, 0x0000000087300000|100%| O|  |TAMS 0x0000000087200000, 0x0000000087200000| Untracked 
|  11|0x0000000087300000, 0x0000000087400000, 0x0000000087400000|100%| O|  |TAMS 0x0000000087300000, 0x0000000087300000| Untracked 
|  12|0x0000000087400000, 0x0000000087500000, 0x0000000087500000|100%| O|  |TAMS 0x0000000087400000, 0x0000000087400000| Untracked 
|  13|0x0000000087500000, 0x0000000087600000, 0x0000000087600000|100%| O|  |TAMS 0x0000000087500000, 0x0000000087500000| Untracked 
|  14|0x0000000087600000, 0x00000000876e1600, 0x0000000087700000| 88%| O|  |TAMS 0x0000000087600000, 0x0000000087600000| Untracked 
|  15|0x0000000087700000, 0x0000000087700000, 0x0000000087800000|  0%| F|  |TAMS 0x0000000087700000, 0x0000000087700000| Untracked 
|  16|0x0000000087800000, 0x0000000087800000, 0x0000000087900000|  0%| F|  |TAMS 0x0000000087800000, 0x0000000087800000| Untracked 
|  17|0x0000000087900000, 0x0000000087900000, 0x0000000087a00000|  0%| F|  |TAMS 0x0000000087900000, 0x0000000087900000| Untracked 
|  18|0x0000000087a00000, 0x0000000087a00000, 0x0000000087b00000|  0%| F|  |TAMS 0x0000000087a00000, 0x0000000087a00000| Untracked 
|  19|0x0000000087b00000, 0x0000000087b00000, 0x0000000087c00000|  0%| F|  |TAMS 0x0000000087b00000, 0x0000000087b00000| Untracked 
|  20|0x0000000087c00000, 0x0000000087c00000, 0x0000000087d00000|  0%| F|  |TAMS 0x0000000087c00000, 0x0000000087c00000| Untracked 
|  21|0x0000000087d00000, 0x0000000087d00000, 0x0000000087e00000|  0%| F|  |TAMS 0x0000000087d00000, 0x0000000087d00000| Untracked 
|  22|0x0000000087e00000, 0x0000000087e00000, 0x0000000087f00000|  0%| F|  |TAMS 0x0000000087e00000, 0x0000000087e00000| Untracked 
|  23|0x0000000087f00000, 0x0000000087f00000, 0x0000000088000000|  0%| F|  |TAMS 0x0000000087f00000, 0x0000000087f00000| Untracked 
|  24|0x0000000088000000, 0x0000000088000000, 0x0000000088100000|  0%| F|  |TAMS 0x0000000088000000, 0x0000000088000000| Untracked 
|  25|0x0000000088100000, 0x0000000088100000, 0x0000000088200000|  0%| F|  |TAMS 0x0000000088100000, 0x0000000088100000| Untracked 
|  26|0x0000000088200000, 0x0000000088200000, 0x0000000088300000|  0%| F|  |TAMS 0x0000000088200000, 0x0000000088200000| Untracked 
|  27|0x0000000088300000, 0x0000000088300000, 0x0000000088400000|  0%| F|  |TAMS 0x0000000088300000, 0x0000000088300000| Untracked 
|  28|0x0000000088400000, 0x0000000088400000, 0x0000000088500000|  0%| F|  |TAMS 0x0000000088400000, 0x0000000088400000| Untracked 
|  29|0x0000000088500000, 0x0000000088500000, 0x0000000088600000|  0%| F|  |TAMS 0x0000000088500000, 0x0000000088500000| Untracked 
|  30|0x0000000088600000, 0x0000000088600000, 0x0000000088700000|  0%| F|  |TAMS 0x0000000088600000, 0x0000000088600000| Untracked 
|  31|0x0000000088700000, 0x0000000088700000, 0x0000000088800000|  0%| F|  |TAMS 0x0000000088700000, 0x0000000088700000| Untracked 
|  32|0x0000000088800000, 0x0000000088800000, 0x0000000088900000|  0%| F|  |TAMS 0x0000000088800000, 0x0000000088800000| Untracked 
|  33|0x0000000088900000, 0x0000000088900000, 0x0000000088a00000|  0%| F|  |TAMS 0x0000000088900000, 0x0000000088900000| Untracked 
|  34|0x0000000088a00000, 0x0000000088a00000, 0x0000000088b00000|  0%| F|  |TAMS 0x0000000088a00000, 0x0000000088a00000| Untracked 
|  35|0x0000000088b00000, 0x0000000088b00000, 0x0000000088c00000|  0%| F|  |TAMS 0x0000000088b00000, 0x0000000088b00000| Untracked 
|  36|0x0000000088c00000, 0x0000000088c00000, 0x0000000088d00000|  0%| F|  |TAMS 0x0000000088c00000, 0x0000000088c00000| Untracked 
|  37|0x0000000088d00000, 0x0000000088d00000, 0x0000000088e00000|  0%| F|  |TAMS 0x0000000088d00000, 0x0000000088d00000| Untracked 
|  38|0x0000000088e00000, 0x0000000088e00000, 0x0000000088f00000|  0%| F|  |TAMS 0x0000000088e00000, 0x0000000088e00000| Untracked 
|  39|0x0000000088f00000, 0x0000000088f00000, 0x0000000089000000|  0%| F|  |TAMS 0x0000000088f00000, 0x0000000088f00000| Untracked 
|  40|0x0000000089000000, 0x0000000089000000, 0x0000000089100000|  0%| F|  |TAMS 0x0000000089000000, 0x0000000089000000| Untracked 
|  41|0x0000000089100000, 0x0000000089100000, 0x0000000089200000|  0%| F|  |TAMS 0x0000000089100000, 0x0000000089100000| Untracked 
|  42|0x0000000089200000, 0x0000000089200000, 0x0000000089300000|  0%| F|  |TAMS 0x0000000089200000, 0x0000000089200000| Untracked 
|  43|0x0000000089300000, 0x0000000089300000, 0x0000000089400000|  0%| F|  |TAMS 0x0000000089300000, 0x0000000089300000| Untracked 
|  44|0x0000000089400000, 0x0000000089400000, 0x0000000089500000|  0%| F|  |TAMS 0x0000000089400000, 0x0000000089400000| Untracked 
|  45|0x0000000089500000, 0x0000000089500000, 0x0000000089600000|  0%| F|  |TAMS 0x0000000089500000, 0x0000000089500000| Untracked 
|  46|0x0000000089600000, 0x0000000089600000, 0x0000000089700000|  0%| F|  |TAMS 0x0000000089600000, 0x0000000089600000| Untracked 
|  47|0x0000000089700000, 0x0000000089700000, 0x0000000089800000|  0%| F|  |TAMS 0x0000000089700000, 0x0000000089700000| Untracked 
|  48|0x0000000089800000, 0x0000000089800000, 0x0000000089900000|  0%| F|  |TAMS 0x0000000089800000, 0x0000000089800000| Untracked 
|  49|0x0000000089900000, 0x0000000089900000, 0x0000000089a00000|  0%| F|  |TAMS 0x0000000089900000, 0x0000000089900000| Untracked 
|  50|0x0000000089a00000, 0x0000000089a00000, 0x0000000089b00000|  0%| F|  |TAMS 0x0000000089a00000, 0x0000000089a00000| Untracked 
|  51|0x0000000089b00000, 0x0000000089b00000, 0x0000000089c00000|  0%| F|  |TAMS 0x0000000089b00000, 0x0000000089b00000| Untracked 
|  52|0x0000000089c00000, 0x0000000089c00000, 0x0000000089d00000|  0%| F|  |TAMS 0x0000000089c00000, 0x0000000089c00000| Untracked 
|  53|0x0000000089d00000, 0x0000000089d00000, 0x0000000089e00000|  0%| F|  |TAMS 0x0000000089d00000, 0x0000000089d00000| Untracked 
|  54|0x0000000089e00000, 0x0000000089e00000, 0x0000000089f00000|  0%| F|  |TAMS 0x0000000089e00000, 0x0000000089e00000| Untracked 
|  55|0x0000000089f00000, 0x0000000089f00000, 0x000000008a000000|  0%| F|  |TAMS 0x0000000089f00000, 0x0000000089f00000| Untracked 
|  56|0x000000008a000000, 0x000000008a000000, 0x000000008a100000|  0%| F|  |TAMS 0x000000008a000000, 0x000000008a000000| Untracked 
|  57|0x000000008a100000, 0x000000008a100000, 0x000000008a200000|  0%| F|  |TAMS 0x000000008a100000, 0x000000008a100000| Untracked 
|  58|0x000000008a200000, 0x000000008a200000, 0x000000008a300000|  0%| F|  |TAMS 0x000000008a200000, 0x000000008a200000| Untracked 
|  59|0x000000008a300000, 0x000000008a300000, 0x000000008a400000|  0%| F|  |TAMS 0x000000008a300000, 0x000000008a300000| Untracked 
|  60|0x000000008a400000, 0x000000008a400000, 0x000000008a500000|  0%| F|  |TAMS 0x000000008a400000, 0x000000008a400000| Untracked 
|  61|0x000000008a500000, 0x000000008a500000, 0x000000008a600000|  0%| F|  |TAMS 0x000000008a500000, 0x000000008a500000| Untracked 
|  62|0x000000008a600000, 0x000000008a600000, 0x000000008a700000|  0%| F|  |TAMS 0x000000008a600000, 0x000000008a600000| Untracked 
|  63|0x000000008a700000, 0x000000008a700000, 0x000000008a800000|  0%| F|  |TAMS 0x000000008a700000, 0x000000008a700000| Untracked 
|  64|0x000000008a800000, 0x000000008a800000, 0x000000008a900000|  0%| F|  |TAMS 0x000000008a800000, 0x000000008a800000| Untracked 
|  65|0x000000008a900000, 0x000000008a900000, 0x000000008aa00000|  0%| F|  |TAMS 0x000000008a900000, 0x000000008a900000| Untracked 
|  66|0x000000008aa00000, 0x000000008aa00000, 0x000000008ab00000|  0%| F|  |TAMS 0x000000008aa00000, 0x000000008aa00000| Untracked 
|  67|0x000000008ab00000, 0x000000008ab00000, 0x000000008ac00000|  0%| F|  |TAMS 0x000000008ab00000, 0x000000008ab00000| Untracked 
|  68|0x000000008ac00000, 0x000000008ac00000, 0x000000008ad00000|  0%| F|  |TAMS 0x000000008ac00000, 0x000000008ac00000| Untracked 
|  69|0x000000008ad00000, 0x000000008ad00000, 0x000000008ae00000|  0%| F|  |TAMS 0x000000008ad00000, 0x000000008ad00000| Untracked 
|  70|0x000000008ae00000, 0x000000008ae00000, 0x000000008af00000|  0%| F|  |TAMS 0x000000008ae00000, 0x000000008ae00000| Untracked 
|  71|0x000000008af00000, 0x000000008af00000, 0x000000008b000000|  0%| F|  |TAMS 0x000000008af00000, 0x000000008af00000| Untracked 
|  72|0x000000008b000000, 0x000000008b000000, 0x000000008b100000|  0%| F|  |TAMS 0x000000008b000000, 0x000000008b000000| Untracked 
|  73|0x000000008b100000, 0x000000008b100000, 0x000000008b200000|  0%| F|  |TAMS 0x000000008b100000, 0x000000008b100000| Untracked 
|  74|0x000000008b200000, 0x000000008b200000, 0x000000008b300000|  0%| F|  |TAMS 0x000000008b200000, 0x000000008b200000| Untracked 
|  75|0x000000008b300000, 0x000000008b300000, 0x000000008b400000|  0%| F|  |TAMS 0x000000008b300000, 0x000000008b300000| Untracked 
|  76|0x000000008b400000, 0x000000008b400000, 0x000000008b500000|  0%| F|  |TAMS 0x000000008b400000, 0x000000008b400000| Untracked 
|  77|0x000000008b500000, 0x000000008b500000, 0x000000008b600000|  0%| F|  |TAMS 0x000000008b500000, 0x000000008b500000| Untracked 
|  78|0x000000008b600000, 0x000000008b600000, 0x000000008b700000|  0%| F|  |TAMS 0x000000008b600000, 0x000000008b600000| Untracked 
|  79|0x000000008b700000, 0x000000008b700000, 0x000000008b800000|  0%| F|  |TAMS 0x000000008b700000, 0x000000008b700000| Untracked 
|  80|0x000000008b800000, 0x000000008b800000, 0x000000008b900000|  0%| F|  |TAMS 0x000000008b800000, 0x000000008b800000| Untracked 
|  81|0x000000008b900000, 0x000000008b900000, 0x000000008ba00000|  0%| F|  |TAMS 0x000000008b900000, 0x000000008b900000| Untracked 
|  82|0x000000008ba00000, 0x000000008ba00000, 0x000000008bb00000|  0%| F|  |TAMS 0x000000008ba00000, 0x000000008ba00000| Untracked 
|  83|0x000000008bb00000, 0x000000008bb00000, 0x000000008bc00000|  0%| F|  |TAMS 0x000000008bb00000, 0x000000008bb00000| Untracked 
|  84|0x000000008bc00000, 0x000000008bc00000, 0x000000008bd00000|  0%| F|  |TAMS 0x000000008bc00000, 0x000000008bc00000| Untracked 
|  85|0x000000008bd00000, 0x000000008bd00000, 0x000000008be00000|  0%| F|  |TAMS 0x000000008bd00000, 0x000000008bd00000| Untracked 
|  86|0x000000008be00000, 0x000000008be00000, 0x000000008bf00000|  0%| F|  |TAMS 0x000000008be00000, 0x000000008be00000| Untracked 
|  87|0x000000008bf00000, 0x000000008bf00000, 0x000000008c000000|  0%| F|  |TAMS 0x000000008bf00000, 0x000000008bf00000| Untracked 
|  88|0x000000008c000000, 0x000000008c000000, 0x000000008c100000|  0%| F|  |TAMS 0x000000008c000000, 0x000000008c000000| Untracked 
|  89|0x000000008c100000, 0x000000008c100000, 0x000000008c200000|  0%| F|  |TAMS 0x000000008c100000, 0x000000008c100000| Untracked 
|  90|0x000000008c200000, 0x000000008c200000, 0x000000008c300000|  0%| F|  |TAMS 0x000000008c200000, 0x000000008c200000| Untracked 
|  91|0x000000008c300000, 0x000000008c300000, 0x000000008c400000|  0%| F|  |TAMS 0x000000008c300000, 0x000000008c300000| Untracked 
|  92|0x000000008c400000, 0x000000008c400000, 0x000000008c500000|  0%| F|  |TAMS 0x000000008c400000, 0x000000008c400000| Untracked 
|  93|0x000000008c500000, 0x000000008c500000, 0x000000008c600000|  0%| F|  |TAMS 0x000000008c500000, 0x000000008c500000| Untracked 
|  94|0x000000008c600000, 0x000000008c600000, 0x000000008c700000|  0%| F|  |TAMS 0x000000008c600000, 0x000000008c600000| Untracked 
|  95|0x000000008c700000, 0x000000008c700000, 0x000000008c800000|  0%| F|  |TAMS 0x000000008c700000, 0x000000008c700000| Untracked 
|  96|0x000000008c800000, 0x000000008c800000, 0x000000008c900000|  0%| F|  |TAMS 0x000000008c800000, 0x000000008c800000| Untracked 
|  97|0x000000008c900000, 0x000000008c900000, 0x000000008ca00000|  0%| F|  |TAMS 0x000000008c900000, 0x000000008c900000| Untracked 
|  98|0x000000008ca00000, 0x000000008ca00000, 0x000000008cb00000|  0%| F|  |TAMS 0x000000008ca00000, 0x000000008ca00000| Untracked 
|  99|0x000000008cb00000, 0x000000008cb00000, 0x000000008cc00000|  0%| F|  |TAMS 0x000000008cb00000, 0x000000008cb00000| Untracked 
| 100|0x000000008cc00000, 0x000000008cc00000, 0x000000008cd00000|  0%| F|  |TAMS 0x000000008cc00000, 0x000000008cc00000| Untracked 
| 101|0x000000008cd00000, 0x000000008cd00000, 0x000000008ce00000|  0%| F|  |TAMS 0x000000008cd00000, 0x000000008cd00000| Untracked 
| 102|0x000000008ce00000, 0x000000008ce00000, 0x000000008cf00000|  0%| F|  |TAMS 0x000000008ce00000, 0x000000008ce00000| Untracked 
| 103|0x000000008cf00000, 0x000000008cf00000, 0x000000008d000000|  0%| F|  |TAMS 0x000000008cf00000, 0x000000008cf00000| Untracked 
| 104|0x000000008d000000, 0x000000008d000000, 0x000000008d100000|  0%| F|  |TAMS 0x000000008d000000, 0x000000008d000000| Untracked 
| 105|0x000000008d100000, 0x000000008d100000, 0x000000008d200000|  0%| F|  |TAMS 0x000000008d100000, 0x000000008d100000| Untracked 
| 106|0x000000008d200000, 0x000000008d200000, 0x000000008d300000|  0%| F|  |TAMS 0x000000008d200000, 0x000000008d200000| Untracked 
| 107|0x000000008d300000, 0x000000008d300000, 0x000000008d400000|  0%| F|  |TAMS 0x000000008d300000, 0x000000008d300000| Untracked 
| 108|0x000000008d400000, 0x000000008d400000, 0x000000008d500000|  0%| F|  |TAMS 0x000000008d400000, 0x000000008d400000| Untracked 
| 109|0x000000008d500000, 0x000000008d500000, 0x000000008d600000|  0%| F|  |TAMS 0x000000008d500000, 0x000000008d500000| Untracked 
| 110|0x000000008d600000, 0x000000008d600000, 0x000000008d700000|  0%| F|  |TAMS 0x000000008d600000, 0x000000008d600000| Untracked 
| 111|0x000000008d700000, 0x000000008d700000, 0x000000008d800000|  0%| F|  |TAMS 0x000000008d700000, 0x000000008d700000| Untracked 
| 112|0x000000008d800000, 0x000000008d800000, 0x000000008d900000|  0%| F|  |TAMS 0x000000008d800000, 0x000000008d800000| Untracked 
| 113|0x000000008d900000, 0x000000008d900000, 0x000000008da00000|  0%| F|  |TAMS 0x000000008d900000, 0x000000008d900000| Untracked 
| 114|0x000000008da00000, 0x000000008da00000, 0x000000008db00000|  0%| F|  |TAMS 0x000000008da00000, 0x000000008da00000| Untracked 
| 115|0x000000008db00000, 0x000000008db00000, 0x000000008dc00000|  0%| F|  |TAMS 0x000000008db00000, 0x000000008db00000| Untracked 
| 116|0x000000008dc00000, 0x000000008dc00000, 0x000000008dd00000|  0%| F|  |TAMS 0x000000008dc00000, 0x000000008dc00000| Untracked 
| 117|0x000000008dd00000, 0x000000008dd00000, 0x000000008de00000|  0%| F|  |TAMS 0x000000008dd00000, 0x000000008dd00000| Untracked 
| 118|0x000000008de00000, 0x000000008de00000, 0x000000008df00000|  0%| F|  |TAMS 0x000000008de00000, 0x000000008de00000| Untracked 
| 119|0x000000008df00000, 0x000000008df00000, 0x000000008e000000|  0%| F|  |TAMS 0x000000008df00000, 0x000000008df00000| Untracked 
| 120|0x000000008e000000, 0x000000008e000000, 0x000000008e100000|  0%| F|  |TAMS 0x000000008e000000, 0x000000008e000000| Untracked 
| 121|0x000000008e100000, 0x000000008e100000, 0x000000008e200000|  0%| F|  |TAMS 0x000000008e100000, 0x000000008e100000| Untracked 
| 122|0x000000008e200000, 0x000000008e200000, 0x000000008e300000|  0%| F|  |TAMS 0x000000008e200000, 0x000000008e200000| Untracked 
| 123|0x000000008e300000, 0x000000008e300000, 0x000000008e400000|  0%| F|  |TAMS 0x000000008e300000, 0x000000008e300000| Untracked 
| 124|0x000000008e400000, 0x000000008e400000, 0x000000008e500000|  0%| F|  |TAMS 0x000000008e400000, 0x000000008e400000| Untracked 
| 125|0x000000008e500000, 0x000000008e500000, 0x000000008e600000|  0%| F|  |TAMS 0x000000008e500000, 0x000000008e500000| Untracked 
| 126|0x000000008e600000, 0x000000008e600000, 0x000000008e700000|  0%| F|  |TAMS 0x000000008e600000, 0x000000008e600000| Untracked 
| 127|0x000000008e700000, 0x000000008e700000, 0x000000008e800000|  0%| F|  |TAMS 0x000000008e700000, 0x000000008e700000| Untracked 
| 128|0x000000008e800000, 0x000000008e800000, 0x000000008e900000|  0%| F|  |TAMS 0x000000008e800000, 0x000000008e800000| Untracked 
| 129|0x000000008e900000, 0x000000008e900000, 0x000000008ea00000|  0%| F|  |TAMS 0x000000008e900000, 0x000000008e900000| Untracked 
| 130|0x000000008ea00000, 0x000000008ea00000, 0x000000008eb00000|  0%| F|  |TAMS 0x000000008ea00000, 0x000000008ea00000| Untracked 
| 131|0x000000008eb00000, 0x000000008eb00000, 0x000000008ec00000|  0%| F|  |TAMS 0x000000008eb00000, 0x000000008eb00000| Untracked 
| 132|0x000000008ec00000, 0x000000008ec00000, 0x000000008ed00000|  0%| F|  |TAMS 0x000000008ec00000, 0x000000008ec00000| Untracked 
| 133|0x000000008ed00000, 0x000000008ed00000, 0x000000008ee00000|  0%| F|  |TAMS 0x000000008ed00000, 0x000000008ed00000| Untracked 
| 134|0x000000008ee00000, 0x000000008ee00000, 0x000000008ef00000|  0%| F|  |TAMS 0x000000008ee00000, 0x000000008ee00000| Untracked 
| 135|0x000000008ef00000, 0x000000008ef00000, 0x000000008f000000|  0%| F|  |TAMS 0x000000008ef00000, 0x000000008ef00000| Untracked 
| 136|0x000000008f000000, 0x000000008f000000, 0x000000008f100000|  0%| F|  |TAMS 0x000000008f000000, 0x000000008f000000| Untracked 
| 137|0x000000008f100000, 0x000000008f100000, 0x000000008f200000|  0%| F|  |TAMS 0x000000008f100000, 0x000000008f100000| Untracked 
| 138|0x000000008f200000, 0x000000008f200000, 0x000000008f300000|  0%| F|  |TAMS 0x000000008f200000, 0x000000008f200000| Untracked 
| 139|0x000000008f300000, 0x000000008f300000, 0x000000008f400000|  0%| F|  |TAMS 0x000000008f300000, 0x000000008f300000| Untracked 
| 140|0x000000008f400000, 0x000000008f400000, 0x000000008f500000|  0%| F|  |TAMS 0x000000008f400000, 0x000000008f400000| Untracked 
| 141|0x000000008f500000, 0x000000008f500000, 0x000000008f600000|  0%| F|  |TAMS 0x000000008f500000, 0x000000008f500000| Untracked 
| 142|0x000000008f600000, 0x000000008f600000, 0x000000008f700000|  0%| F|  |TAMS 0x000000008f600000, 0x000000008f600000| Untracked 
| 143|0x000000008f700000, 0x000000008f700000, 0x000000008f800000|  0%| F|  |TAMS 0x000000008f700000, 0x000000008f700000| Untracked 
| 144|0x000000008f800000, 0x000000008f800000, 0x000000008f900000|  0%| F|  |TAMS 0x000000008f800000, 0x000000008f800000| Untracked 
| 145|0x000000008f900000, 0x000000008f900000, 0x000000008fa00000|  0%| F|  |TAMS 0x000000008f900000, 0x000000008f900000| Untracked 
| 146|0x000000008fa00000, 0x000000008fa00000, 0x000000008fb00000|  0%| F|  |TAMS 0x000000008fa00000, 0x000000008fa00000| Untracked 
| 147|0x000000008fb00000, 0x000000008fb00000, 0x000000008fc00000|  0%| F|  |TAMS 0x000000008fb00000, 0x000000008fb00000| Untracked 
| 148|0x000000008fc00000, 0x000000008fc00000, 0x000000008fd00000|  0%| F|  |TAMS 0x000000008fc00000, 0x000000008fc00000| Untracked 
| 149|0x000000008fd00000, 0x000000008fd00000, 0x000000008fe00000|  0%| F|  |TAMS 0x000000008fd00000, 0x000000008fd00000| Untracked 
| 150|0x000000008fe00000, 0x000000008fe00000, 0x000000008ff00000|  0%| F|  |TAMS 0x000000008fe00000, 0x000000008fe00000| Untracked 
| 151|0x000000008ff00000, 0x000000008ff00000, 0x0000000090000000|  0%| F|  |TAMS 0x000000008ff00000, 0x000000008ff00000| Untracked 
| 152|0x0000000090000000, 0x0000000090000000, 0x0000000090100000|  0%| F|  |TAMS 0x0000000090000000, 0x0000000090000000| Untracked 
| 153|0x0000000090100000, 0x0000000090100000, 0x0000000090200000|  0%| F|  |TAMS 0x0000000090100000, 0x0000000090100000| Untracked 
| 154|0x0000000090200000, 0x0000000090200000, 0x0000000090300000|  0%| F|  |TAMS 0x0000000090200000, 0x0000000090200000| Untracked 
| 155|0x0000000090300000, 0x0000000090300000, 0x0000000090400000|  0%| F|  |TAMS 0x0000000090300000, 0x0000000090300000| Untracked 
| 156|0x0000000090400000, 0x0000000090400000, 0x0000000090500000|  0%| F|  |TAMS 0x0000000090400000, 0x0000000090400000| Untracked 
| 157|0x0000000090500000, 0x0000000090500000, 0x0000000090600000|  0%| F|  |TAMS 0x0000000090500000, 0x0000000090500000| Untracked 
| 158|0x0000000090600000, 0x0000000090600000, 0x0000000090700000|  0%| F|  |TAMS 0x0000000090600000, 0x0000000090600000| Untracked 
| 159|0x0000000090700000, 0x0000000090700000, 0x0000000090800000|  0%| F|  |TAMS 0x0000000090700000, 0x0000000090700000| Untracked 
| 160|0x0000000090800000, 0x0000000090800000, 0x0000000090900000|  0%| F|  |TAMS 0x0000000090800000, 0x0000000090800000| Untracked 
| 161|0x0000000090900000, 0x0000000090900000, 0x0000000090a00000|  0%| F|  |TAMS 0x0000000090900000, 0x0000000090900000| Untracked 
| 162|0x0000000090a00000, 0x0000000090a00000, 0x0000000090b00000|  0%| F|  |TAMS 0x0000000090a00000, 0x0000000090a00000| Untracked 
| 163|0x0000000090b00000, 0x0000000090b00000, 0x0000000090c00000|  0%| F|  |TAMS 0x0000000090b00000, 0x0000000090b00000| Untracked 
| 164|0x0000000090c00000, 0x0000000090c00000, 0x0000000090d00000|  0%| F|  |TAMS 0x0000000090c00000, 0x0000000090c00000| Untracked 
| 165|0x0000000090d00000, 0x0000000090d00000, 0x0000000090e00000|  0%| F|  |TAMS 0x0000000090d00000, 0x0000000090d00000| Untracked 
| 166|0x0000000090e00000, 0x0000000090e00000, 0x0000000090f00000|  0%| F|  |TAMS 0x0000000090e00000, 0x0000000090e00000| Untracked 
| 167|0x0000000090f00000, 0x0000000090f00000, 0x0000000091000000|  0%| F|  |TAMS 0x0000000090f00000, 0x0000000090f00000| Untracked 
| 168|0x0000000091000000, 0x0000000091000000, 0x0000000091100000|  0%| F|  |TAMS 0x0000000091000000, 0x0000000091000000| Untracked 
| 169|0x0000000091100000, 0x0000000091100000, 0x0000000091200000|  0%| F|  |TAMS 0x0000000091100000, 0x0000000091100000| Untracked 
| 170|0x0000000091200000, 0x0000000091200000, 0x0000000091300000|  0%| F|  |TAMS 0x0000000091200000, 0x0000000091200000| Untracked 
| 171|0x0000000091300000, 0x0000000091300000, 0x0000000091400000|  0%| F|  |TAMS 0x0000000091300000, 0x0000000091300000| Untracked 
| 172|0x0000000091400000, 0x0000000091400000, 0x0000000091500000|  0%| F|  |TAMS 0x0000000091400000, 0x0000000091400000| Untracked 
| 173|0x0000000091500000, 0x0000000091500000, 0x0000000091600000|  0%| F|  |TAMS 0x0000000091500000, 0x0000000091500000| Untracked 
| 174|0x0000000091600000, 0x0000000091600000, 0x0000000091700000|  0%| F|  |TAMS 0x0000000091600000, 0x0000000091600000| Untracked 
| 175|0x0000000091700000, 0x0000000091700000, 0x0000000091800000|  0%| F|  |TAMS 0x0000000091700000, 0x0000000091700000| Untracked 
| 176|0x0000000091800000, 0x0000000091800000, 0x0000000091900000|  0%| F|  |TAMS 0x0000000091800000, 0x0000000091800000| Untracked 
| 177|0x0000000091900000, 0x0000000091900000, 0x0000000091a00000|  0%| F|  |TAMS 0x0000000091900000, 0x0000000091900000| Untracked 
| 178|0x0000000091a00000, 0x0000000091a00000, 0x0000000091b00000|  0%| F|  |TAMS 0x0000000091a00000, 0x0000000091a00000| Untracked 
| 179|0x0000000091b00000, 0x0000000091b00000, 0x0000000091c00000|  0%| F|  |TAMS 0x0000000091b00000, 0x0000000091b00000| Untracked 
| 180|0x0000000091c00000, 0x0000000091c00000, 0x0000000091d00000|  0%| F|  |TAMS 0x0000000091c00000, 0x0000000091c00000| Untracked 
| 181|0x0000000091d00000, 0x0000000091d00000, 0x0000000091e00000|  0%| F|  |TAMS 0x0000000091d00000, 0x0000000091d00000| Untracked 
| 182|0x0000000091e00000, 0x0000000091e00000, 0x0000000091f00000|  0%| F|  |TAMS 0x0000000091e00000, 0x0000000091e00000| Untracked 
| 183|0x0000000091f00000, 0x0000000091f00000, 0x0000000092000000|  0%| F|  |TAMS 0x0000000091f00000, 0x0000000091f00000| Untracked 
| 184|0x0000000092000000, 0x0000000092000000, 0x0000000092100000|  0%| F|  |TAMS 0x0000000092000000, 0x0000000092000000| Untracked 
| 185|0x0000000092100000, 0x0000000092100000, 0x0000000092200000|  0%| F|  |TAMS 0x0000000092100000, 0x0000000092100000| Untracked 
| 186|0x0000000092200000, 0x0000000092200000, 0x0000000092300000|  0%| F|  |TAMS 0x0000000092200000, 0x0000000092200000| Untracked 
| 187|0x0000000092300000, 0x0000000092300000, 0x0000000092400000|  0%| F|  |TAMS 0x0000000092300000, 0x0000000092300000| Untracked 
| 188|0x0000000092400000, 0x0000000092400000, 0x0000000092500000|  0%| F|  |TAMS 0x0000000092400000, 0x0000000092400000| Untracked 
| 189|0x0000000092500000, 0x0000000092500000, 0x0000000092600000|  0%| F|  |TAMS 0x0000000092500000, 0x0000000092500000| Untracked 
| 190|0x0000000092600000, 0x0000000092600000, 0x0000000092700000|  0%| F|  |TAMS 0x0000000092600000, 0x0000000092600000| Untracked 
| 191|0x0000000092700000, 0x0000000092700000, 0x0000000092800000|  0%| F|  |TAMS 0x0000000092700000, 0x0000000092700000| Untracked 
| 192|0x0000000092800000, 0x0000000092800000, 0x0000000092900000|  0%| F|  |TAMS 0x0000000092800000, 0x0000000092800000| Untracked 
| 193|0x0000000092900000, 0x0000000092900000, 0x0000000092a00000|  0%| F|  |TAMS 0x0000000092900000, 0x0000000092900000| Untracked 
| 194|0x0000000092a00000, 0x0000000092a00000, 0x0000000092b00000|  0%| F|  |TAMS 0x0000000092a00000, 0x0000000092a00000| Untracked 
| 195|0x0000000092b00000, 0x0000000092b00000, 0x0000000092c00000|  0%| F|  |TAMS 0x0000000092b00000, 0x0000000092b00000| Untracked 
| 196|0x0000000092c00000, 0x0000000092c00000, 0x0000000092d00000|  0%| F|  |TAMS 0x0000000092c00000, 0x0000000092c00000| Untracked 
| 197|0x0000000092d00000, 0x0000000092d00000, 0x0000000092e00000|  0%| F|  |TAMS 0x0000000092d00000, 0x0000000092d00000| Untracked 
| 198|0x0000000092e00000, 0x0000000092e00000, 0x0000000092f00000|  0%| F|  |TAMS 0x0000000092e00000, 0x0000000092e00000| Untracked 
| 199|0x0000000092f00000, 0x0000000092f00000, 0x0000000093000000|  0%| F|  |TAMS 0x0000000092f00000, 0x0000000092f00000| Untracked 
| 200|0x0000000093000000, 0x0000000093000000, 0x0000000093100000|  0%| F|  |TAMS 0x0000000093000000, 0x0000000093000000| Untracked 
| 201|0x0000000093100000, 0x0000000093100000, 0x0000000093200000|  0%| F|  |TAMS 0x0000000093100000, 0x0000000093100000| Untracked 
| 202|0x0000000093200000, 0x0000000093200000, 0x0000000093300000|  0%| F|  |TAMS 0x0000000093200000, 0x0000000093200000| Untracked 
| 203|0x0000000093300000, 0x0000000093300000, 0x0000000093400000|  0%| F|  |TAMS 0x0000000093300000, 0x0000000093300000| Untracked 
| 204|0x0000000093400000, 0x0000000093400000, 0x0000000093500000|  0%| F|  |TAMS 0x0000000093400000, 0x0000000093400000| Untracked 
| 205|0x0000000093500000, 0x0000000093500000, 0x0000000093600000|  0%| F|  |TAMS 0x0000000093500000, 0x0000000093500000| Untracked 
| 206|0x0000000093600000, 0x0000000093600000, 0x0000000093700000|  0%| F|  |TAMS 0x0000000093600000, 0x0000000093600000| Untracked 
| 207|0x0000000093700000, 0x0000000093700000, 0x0000000093800000|  0%| F|  |TAMS 0x0000000093700000, 0x0000000093700000| Untracked 
| 208|0x0000000093800000, 0x0000000093800000, 0x0000000093900000|  0%| F|  |TAMS 0x0000000093800000, 0x0000000093800000| Untracked 
| 209|0x0000000093900000, 0x0000000093900000, 0x0000000093a00000|  0%| F|  |TAMS 0x0000000093900000, 0x0000000093900000| Untracked 
| 210|0x0000000093a00000, 0x0000000093a00000, 0x0000000093b00000|  0%| F|  |TAMS 0x0000000093a00000, 0x0000000093a00000| Untracked 
| 211|0x0000000093b00000, 0x0000000093b44988, 0x0000000093c00000| 26%| S|CS|TAMS 0x0000000093b00000, 0x0000000093b00000| Complete 
| 212|0x0000000093c00000, 0x0000000093c00000, 0x0000000093d00000|  0%| F|  |TAMS 0x0000000093c00000, 0x0000000093c00000| Untracked 
| 213|0x0000000093d00000, 0x0000000093d00000, 0x0000000093e00000|  0%| F|  |TAMS 0x0000000093d00000, 0x0000000093d00000| Untracked 
| 214|0x0000000093e00000, 0x0000000093e00000, 0x0000000093f00000|  0%| F|  |TAMS 0x0000000093e00000, 0x0000000093e00000| Untracked 
| 215|0x0000000093f00000, 0x0000000093f00000, 0x0000000094000000|  0%| F|  |TAMS 0x0000000093f00000, 0x0000000093f00000| Untracked 
| 216|0x0000000094000000, 0x0000000094000000, 0x0000000094100000|  0%| F|  |TAMS 0x0000000094000000, 0x0000000094000000| Untracked 
| 217|0x0000000094100000, 0x0000000094100000, 0x0000000094200000|  0%| F|  |TAMS 0x0000000094100000, 0x0000000094100000| Untracked 
| 218|0x0000000094200000, 0x0000000094200000, 0x0000000094300000|  0%| F|  |TAMS 0x0000000094200000, 0x0000000094200000| Untracked 
| 219|0x0000000094300000, 0x0000000094300000, 0x0000000094400000|  0%| F|  |TAMS 0x0000000094300000, 0x0000000094300000| Untracked 
| 220|0x0000000094400000, 0x0000000094400000, 0x0000000094500000|  0%| F|  |TAMS 0x0000000094400000, 0x0000000094400000| Untracked 
| 221|0x0000000094500000, 0x0000000094500000, 0x0000000094600000|  0%| F|  |TAMS 0x0000000094500000, 0x0000000094500000| Untracked 

Card table byte_map: [0x00007f5260573000,0x00007f526093f000] _byte_map_base: 0x00007f526013f000

Marking Bits (Prev, Next): (CMBitMap*) 0x00007f525c065500, (CMBitMap*) 0x00007f525c0654c0
 Prev Bits: [0x00007f5251cfb000, 0x00007f5253b5b000)
 Next Bits: [0x00007f5253b5b000, 0x00007f52559bb000)

Polling page: 0x00007f5264912000

Metaspace:

Usage:
  Non-class:     29.63 MB used.
      Class:      4.24 MB used.
       Both:     33.88 MB used.

Virtual space:
  Non-class space:       32.00 MB reserved,      29.81 MB ( 93%) committed,  4 nodes.
      Class space:        1.00 GB reserved,       4.44 MB ( <1%) committed,  1 nodes.
             Both:        1.03 GB reserved,      34.25 MB (  3%) committed. 

Chunk freelists:
   Non-Class:  1.62 MB
       Class:  3.47 MB
        Both:  5.09 MB

MaxMetaspaceSize: unlimited
CompressedClassSpaceSize: 1.00 GB
Initial GC threshold: 21.00 MB
Current GC threshold: 35.12 MB
CDS: off
MetaspaceReclaimPolicy: balanced
 - commit_granule_bytes: 65536.
 - commit_granule_words: 8192.
 - virtual_space_node_default_size: 1048576.
 - enlarge_chunks_in_place: 1.
 - new_chunks_are_fully_committed: 0.
 - uncommit_free_chunks: 1.
 - use_allocation_guard: 0.
 - handle_deallocations: 1.


Internal statistics:

num_allocs_failed_limit: 3.
num_arena_births: 394.
num_arena_deaths: 0.
num_vsnodes_births: 5.
num_vsnodes_deaths: 0.
num_space_committed: 548.
num_space_uncommitted: 0.
num_chunks_returned_to_freelist: 3.
num_chunks_taken_from_freelist: 1290.
num_chunk_merges: 3.
num_chunk_splits: 866.
num_chunks_enlarged: 624.
num_purges: 0.
num_inconsistent_stats: 0.

CodeCache: size=49152Kb used=6760Kb max_used=6760Kb free=42391Kb
 bounds [0x00007f52559bb000, 0x00007f525605b000, 0x00007f52589bb000]
 total_blobs=4030 nmethods=3551 adapters=407
 compilation: enabled
              stopped_count=0, restarted_count=0
 full_count=0

Compilation events (20 events):
Event: 257.803 Thread 0x00007f525c19dc90 nmethod 3595 0x00007f5256051b90 code [0x00007f5256051de0, 0x00007f5256052500]
Event: 257.803 Thread 0x00007f525c19dc90 3596       1       java.util.concurrent.locks.ReentrantReadWriteLock$Sync::sharedCount (5 bytes)
Event: 257.803 Thread 0x00007f525c19dc90 nmethod 3596 0x00007f5256052890 code [0x00007f5256052a20, 0x00007f5256052ad0]
Event: 257.803 Thread 0x00007f525c19dc90 3597       1       java.util.concurrent.locks.ReentrantReadWriteLock$ReadLock::unlock (10 bytes)
Event: 257.804 Thread 0x00007f525c19dc90 nmethod 3597 0x00007f5256052b90 code [0x00007f5256052d40, 0x00007f5256052e90]
Event: 257.804 Thread 0x00007f525c19dc90 3598       1       java.util.concurrent.locks.ReentrantReadWriteLock$Sync::tryReleaseShared (146 bytes)
Event: 257.805 Thread 0x00007f525c19dc90 nmethod 3598 0x00007f5256052f90 code [0x00007f5256053180, 0x00007f52560535e0]
Event: 261.996 Thread 0x00007f525c19dc90 3599   !   1       java.util.zip.Inflater::getBytesWritten (23 bytes)
Event: 261.996 Thread 0x00007f525c19dc90 nmethod 3599 0x00007f5256053910 code [0x00007f5256053ac0, 0x00007f5256053c80]
Event: 262.437 Thread 0x00007f525c19dc90 3600       1       java.util.concurrent.TimeUnit::toNanos (45 bytes)
Event: 262.437 Thread 0x00007f525c19dc90 nmethod 3600 0x00007f5256053d90 code [0x00007f5256053f40, 0x00007f52560540d0]
Event: 264.232 Thread 0x00007f525c19dc90 3601       1       java.util.concurrent.locks.ReentrantReadWriteLock$FairSync::readerShouldBlock (5 bytes)
Event: 264.233 Thread 0x00007f525c19dc90 nmethod 3601 0x00007f5256054110 code [0x00007f52560542a0, 0x00007f5256054380]
Event: 264.773 Thread 0x00007f525c19dc90 3602       1       java.util.zip.ZipUtils::get32 (23 bytes)
Event: 264.773 Thread 0x00007f525c19dc90 nmethod 3602 0x00007f5256054410 code [0x00007f52560545a0, 0x00007f52560546d0]
Event: 265.138 Thread 0x00007f525c19dc90 3603       1       java.io.PushbackInputStream::ensureOpen (18 bytes)
Event: 265.250 Thread 0x00007f525c19dc90 nmethod 3603 0x00007f5256054790 code [0x00007f5256054940, 0x00007f5256054aa0]
Event: 265.985 Thread 0x00007f525c19dc90 3605       1       java.util.zip.ZipInputStream::ensureOpen (18 bytes)
Event: 265.985 Thread 0x00007f525c19dc90 nmethod 3605 0x00007f5256054f10 code [0x00007f52560550c0, 0x00007f5256055220]
Event: 266.132 Thread 0x00007f525c19dc90 3606  s    1       java.io.ByteArrayInputStream::read (73 bytes)

GC Heap History (20 events):
Event: 214.329 GC heap after
{Heap after GC invocations=20 (full 0):
 garbage-first heap   total 75776K, used 15361K [0x0000000086800000, 0x0000000100000000)
  region size 1024K, 1 young (1024K), 1 survivors (1024K)
 Metaspace       used 34242K, committed 34560K, reserved 1081344K
  class space    used 4305K, committed 4416K, reserved 1048576K
}
Event: 215.347 GC heap before
{Heap before GC invocations=20 (full 0):
 garbage-first heap   total 75776K, used 16385K [0x0000000086800000, 0x0000000100000000)
  region size 1024K, 3 young (3072K), 1 survivors (1024K)
 Metaspace       used 34242K, committed 34560K, reserved 1081344K
  class space    used 4305K, committed 4416K, reserved 1048576K
}
Event: 215.349 GC heap after
{Heap after GC invocations=21 (full 0):
 garbage-first heap   total 75776K, used 15312K [0x0000000086800000, 0x0000000100000000)
  region size 1024K, 1 young (1024K), 1 survivors (1024K)
 Metaspace       used 34242K, committed 34560K, reserved 1081344K
  class space    used 4305K, committed 4416K, reserved 1048576K
}
Event: 215.508 GC heap before
{Heap before GC invocations=21 (full 0):
 garbage-first heap   total 75776K, used 16336K [0x0000000086800000, 0x0000000100000000)
  region size 1024K, 3 young (3072K), 1 survivors (1024K)
 Metaspace       used 34242K, committed 34560K, reserved 1081344K
  class space    used 4305K, committed 4416K, reserved 1048576K
}
Event: 216.719 GC heap after
{Heap after GC invocations=22 (full 0):
 garbage-first heap   total 75776K, used 15326K [0x0000000086800000, 0x0000000100000000)
  region size 1024K, 1 young (1024K), 1 survivors (1024K)
 Metaspace       used 34242K, committed 34560K, reserved 1081344K
  class space    used 4305K, committed 4416K, reserved 1048576K
}
Event: 216.870 GC heap before
{Heap before GC invocations=22 (full 0):
 garbage-first heap   total 75776K, used 16350K [0x0000000086800000, 0x0000000100000000)
  region size 1024K, 3 young (3072K), 1 survivors (1024K)
 Metaspace       used 34242K, committed 34560K, reserved 1081344K
  class space    used 4305K, committed 4416K, reserved 1048576K
}
Event: 216.871 GC heap after
{Heap after GC invocations=23 (full 0):
 garbage-first heap   total 75776K, used 15323K [0x0000000086800000, 0x0000000100000000)
  region size 1024K, 1 young (1024K), 1 survivors (1024K)
 Metaspace       used 34242K, committed 34560K, reserved 1081344K
  class space    used 4305K, committed 4416K, reserved 1048576K
}
Event: 216.872 GC heap before
{Heap before GC invocations=23 (full 0):
 garbage-first heap   total 75776K, used 16347K [0x0000000086800000, 0x0000000100000000)
  region size 1024K, 3 young (3072K), 1 survivors (1024K)
 Metaspace       used 34242K, committed 34560K, reserved 1081344K
  class space    used 4305K, committed 4416K, reserved 1048576K
}
Event: 216.872 GC heap after
{Heap after GC invocations=24 (full 0):
 garbage-first heap   total 75776K, used 15325K [0x0000000086800000, 0x0000000100000000)
  region size 1024K, 1 young (1024K), 1 survivors (1024K)
 Metaspace       used 34242K, committed 34560K, reserved 1081344K
  class space    used 4305K, committed 4416K, reserved 1048576K
}
Event: 216.873 GC heap before
{Heap before GC invocations=24 (full 0):
 garbage-first heap   total 75776K, used 16349K [0x0000000086800000, 0x0000000100000000)
  region size 1024K, 3 young (3072K), 1 survivors (1024K)
 Metaspace       used 34242K, committed 34560K, reserved 1081344K
  class space    used 4305K, committed 4416K, reserved 1048576K
}
Event: 216.875 GC heap after
{Heap after GC invocations=25 (full 0):
 garbage-first heap   total 227328K, used 15327K [0x0000000086800000, 0x0000000100000000)
  region size 1024K, 1 young (1024K), 1 survivors (1024K)
 Metaspace       used 34242K, committed 34560K, reserved 1081344K
  class space    used 4305K, committed 4416K, reserved 1048576K
}
Event: 242.485 GC heap before
{Heap before GC invocations=25 (full 0):
 garbage-first heap   total 227328K, used 24543K [0x0000000086800000, 0x0000000100000000)
  region size 1024K, 11 young (11264K), 1 survivors (1024K)
 Metaspace       used 34339K, committed 34624K, reserved 1081344K
  class space    used 4315K, committed 4416K, reserved 1048576K
}
Event: 245.532 GC heap after
{Heap after GC invocations=26 (full 0):
 garbage-first heap   total 227328K, used 15458K [0x0000000086800000, 0x0000000100000000)
  region size 1024K, 1 young (1024K), 1 survivors (1024K)
 Metaspace       used 34339K, committed 34624K, reserved 1081344K
  class space    used 4315K, committed 4416K, reserved 1048576K
}
Event: 263.244 GC heap before
{Heap before GC invocations=26 (full 0):
 garbage-first heap   total 227328K, used 24674K [0x0000000086800000, 0x0000000100000000)
  region size 1024K, 11 young (11264K), 1 survivors (1024K)
 Metaspace       used 34690K, committed 35072K, reserved 1081344K
  class space    used 4345K, committed 4544K, reserved 1048576K
}
Event: 264.185 GC heap after
{Heap after GC invocations=27 (full 0):
 garbage-first heap   total 227328K, used 15618K [0x0000000086800000, 0x0000000100000000)
  region size 1024K, 1 young (1024K), 1 survivors (1024K)
 Metaspace       used 34690K, committed 35072K, reserved 1081344K
  class space    used 4345K, committed 4544K, reserved 1048576K
}
Event: 264.235 GC heap before
{Heap before GC invocations=27 (full 0):
 garbage-first heap   total 227328K, used 24834K [0x0000000086800000, 0x0000000100000000)
  region size 1024K, 11 young (11264K), 1 survivors (1024K)
 Metaspace       used 34690K, committed 35072K, reserved 1081344K
  class space    used 4345K, committed 4544K, reserved 1048576K
}
Event: 264.237 GC heap after
{Heap after GC invocations=28 (full 0):
 garbage-first heap   total 227328K, used 15642K [0x0000000086800000, 0x0000000100000000)
  region size 1024K, 1 young (1024K), 1 survivors (1024K)
 Metaspace       used 34690K, committed 35072K, reserved 1081344K
  class space    used 4345K, committed 4544K, reserved 1048576K
}
Event: 264.241 GC heap before
{Heap before GC invocations=28 (full 0):
 garbage-first heap   total 227328K, used 24858K [0x0000000086800000, 0x0000000100000000)
  region size 1024K, 11 young (11264K), 1 survivors (1024K)
 Metaspace       used 34690K, committed 35072K, reserved 1081344K
  class space    used 4345K, committed 4544K, reserved 1048576K
}
Event: 264.242 GC heap after
{Heap after GC invocations=29 (full 0):
 garbage-first heap   total 227328K, used 15657K [0x0000000086800000, 0x0000000100000000)
  region size 1024K, 1 young (1024K), 1 survivors (1024K)
 Metaspace       used 34690K, committed 35072K, reserved 1081344K
  class space    used 4345K, committed 4544K, reserved 1048576K
}
Event: 268.173 GC heap before
{Heap before GC invocations=29 (full 0):
 garbage-first heap   total 227328K, used 24873K [0x0000000086800000, 0x0000000100000000)
  region size 1024K, 11 young (11264K), 1 survivors (1024K)
 Metaspace       used 34690K, committed 35072K, reserved 1081344K
  class space    used 4345K, committed 4544K, reserved 1048576K
}

Deoptimization events (4 events):
Event: 11.493 Thread 0x00007f525c027200 DEOPT PACKING pc=0x00007f5255b579f5 sp=0x00007f52648f7fb0
Event: 11.493 Thread 0x00007f525c027200 DEOPT UNPACKING pc=0x00007f5255a0d82f sp=0x00007f52648f7428 mode 3
Event: 17.124 Thread 0x00007f51c8005af0 DEOPT PACKING pc=0x00007f5255d8cdf9 sp=0x00007f51f32e2370
Event: 17.124 Thread 0x00007f51c8005af0 DEOPT UNPACKING pc=0x00007f5255a0d82f sp=0x00007f51f32e1870 mode 3

Classes unloaded (0 events):
No events

Classes redefined (0 events):
No events

Internal exceptions (20 events):
Event: 81.121 Thread 0x00007f51c8005af0 Exception <a 'java/lang/ClassNotFoundException'{0x000000008e1a5e10}: org/springframework/beans/factory/BeanFactoryAwareCustomizer> (0x000000008e1a5e10) 
thrown [src/hotspot/share/classfile/systemDictionary.cpp, line 256]
Event: 81.121 Thread 0x00007f51c8005af0 Exception <a 'java/lang/ClassNotFoundException'{0x000000008e1ac900}: org/springframework/beans/factory/AwareCustomizer> (0x000000008e1ac900) 
thrown [src/hotspot/share/classfile/systemDictionary.cpp, line 256]
Event: 81.122 Thread 0x00007f51c8005af0 Exception <a 'java/lang/ClassNotFoundException'{0x000000008e1b1848}: org/springframework/core/OrderedCustomizer> (0x000000008e1b1848) 
thrown [src/hotspot/share/classfile/systemDictionary.cpp, line 256]
Event: 81.122 Thread 0x00007f51c8005af0 Exception <a 'java/lang/ClassNotFoundException'{0x000000008e1b7940}: org/springframework/beans/factory/BeanClassLoaderAwareCustomizer> (0x000000008e1b7940) 
thrown [src/hotspot/share/classfile/systemDictionary.cpp, line 256]
Event: 81.122 Thread 0x00007f51c8005af0 Exception <a 'java/lang/ClassNotFoundException'{0x000000008e1bd9a8}: org/springframework/beans/factory/AwareCustomizer> (0x000000008e1bd9a8) 
thrown [src/hotspot/share/classfile/systemDictionary.cpp, line 256]
Event: 81.122 Thread 0x00007f51c8005af0 Exception <a 'java/lang/ClassNotFoundException'{0x000000008e1c2f78}: org/springframework/aop/framework/AopInfrastructureBeanCustomizer> (0x000000008e1c2f78) 
thrown [src/hotspot/share/classfile/systemDictionary.cpp, line 256]
Event: 83.805 Thread 0x00007f51c8005af0 Exception <a 'java/lang/ClassNotFoundException'{0x000000008d7cb7c8}: java/lang/ObjectCustomizer> (0x000000008d7cb7c8) 
thrown [src/hotspot/share/classfile/systemDictionary.cpp, line 256]
Event: 83.806 Thread 0x00007f51c8005af0 Exception <a 'java/lang/ClassNotFoundException'{0x000000008d7d55e8}: org/springframework/transaction/annotation/AbstractTransactionManagementConfigurationCustomizer> (0x000000008d7d55e8) 
thrown [src/hotspot/share/classfile/systemDictionary.cpp, line 256]
Event: 83.806 Thread 0x00007f51c8005af0 Exception <a 'java/lang/ClassNotFoundException'{0x000000008d7ddf78}: org/springframework/transaction/annotation/ProxyTransactionManagementConfigurationCustomizer> (0x000000008d7ddf78) 
thrown [src/hotspot/share/classfile/systemDictionary.cpp, line 256]
Event: 83.806 Thread 0x00007f51c8005af0 Exception <a 'java/lang/ClassNotFoundException'{0x000000008d7e7ec0}: org/springframework/context/annotation/ImportAwareCustomizer> (0x000000008d7e7ec0) 
thrown [src/hotspot/share/classfile/systemDictionary.cpp, line 256]
Event: 83.806 Thread 0x00007f51c8005af0 Exception <a 'java/lang/ClassNotFoundException'{0x000000008d7eeb20}: org/springframework/beans/factory/AwareCustomizer> (0x000000008d7eeb20) 
thrown [src/hotspot/share/classfile/systemDictionary.cpp, line 256]
Event: 85.990 Thread 0x00007f51c8005af0 Exception <a 'java/lang/NoSuchMethodError'{0x000000008d7a3d00}: 'java.lang.Object java.lang.invoke.DirectMethodHandle$Holder.invokeSpecialIFC(java.lang.Object, java.lang.Object, java.lang.Object)'> (0x000000008d7a3d00) 
thrown [src/hotspot/share/interpreter/linkResolver.cpp, line 766]
Event: 93.007 Thread 0x00007f51c8005af0 Exception <a 'java/lang/NoSuchMethodError'{0x000000008ad2d540}: 'int java.lang.invoke.DirectMethodHandle$Holder.invokeSpecial(java.lang.Object, java.lang.Object, java.lang.Object, java.lang.Object, java.lang.Object)'> (0x000000008ad2d540) 
thrown [src/hotspot/share/interpreter/linkResolver.cpp, line 766]
Event: 102.589 Thread 0x00007f51c8005af0 Exception <a 'java/lang/NoSuchMethodError'{0x000000008ab3d6c8}: 'java.lang.Object java.lang.invoke.DirectMethodHandle$Holder.invokeStatic(java.lang.Object, java.lang.Object, int)'> (0x000000008ab3d6c8) 
thrown [src/hotspot/share/interpreter/linkResolver.cpp, line 766]
Event: 102.591 Thread 0x00007f51c8005af0 Exception <a 'java/lang/NoSuchMethodError'{0x000000008ab49408}: 'void java.lang.invoke.DelegatingMethodHandle$Holder.delegate(java.lang.Object, java.lang.Object, int, java.lang.Object)'> (0x000000008ab49408) 
thrown [src/hotspot/share/interpreter/linkResolver.cpp, line 766]
Event: 109.131 Thread 0x00007f51c8005af0 Exception <a 'java/lang/NoSuchMethodError'{0x000000008a96aff8}: 'void java.lang.invoke.DirectMethodHandle$Holder.invokeInterface(java.lang.Object, java.lang.Object, int)'> (0x000000008a96aff8) 
thrown [src/hotspot/share/interpreter/linkResolver.cpp, line 766]
Event: 109.135 Thread 0x00007f51c8005af0 Exception <a 'java/lang/NoSuchMethodError'{0x000000008a9a3170}: 'int java.lang.invoke.DirectMethodHandle$Holder.invokeVirtual(java.lang.Object, java.lang.Object)'> (0x000000008a9a3170) 
thrown [src/hotspot/share/interpreter/linkResolver.cpp, line 766]
Event: 109.242 Thread 0x00007f51c8005af0 Exception <a 'java/lang/IncompatibleClassChangeError'{0x000000008a9dc7f0}: Found class java.lang.Object, but interface was expected> (0x000000008a9dc7f0) 
thrown [src/hotspot/share/interpreter/linkResolver.cpp, line 833]
Event: 109.243 Thread 0x00007f51c8005af0 Exception <a 'java/lang/NoSuchMethodError'{0x000000008a9e1978}: 'void java.lang.invoke.DirectMethodHandle$Holder.invokeStatic(java.lang.Object, int, java.lang.Object)'> (0x000000008a9e1978) 
thrown [src/hotspot/share/interpreter/linkResolver.cpp, line 766]
Event: 109.250 Thread 0x00007f51c8005af0 Exception <a 'java/lang/NoSuchMethodError'{0x000000008a8189d8}: 'int java.lang.invoke.DirectMethodHandle$Holder.invokeSpecial(java.lang.Object, java.lang.Object, int)'> (0x000000008a8189d8) 
thrown [src/hotspot/share/interpreter/linkResolver.cpp, line 766]

VM Operations (20 events):
Event: 236.238 Executing VM operation: Cleanup done
Event: 242.432 Executing VM operation: G1CollectForAllocation
Event: 245.633 Executing VM operation: G1CollectForAllocation done
Event: 248.633 Executing VM operation: Cleanup
Event: 248.712 Executing VM operation: Cleanup done
Event: 249.712 Executing VM operation: Cleanup
Event: 249.712 Executing VM operation: Cleanup done
Event: 256.581 Executing VM operation: HandshakeAllThreads
Event: 256.605 Executing VM operation: HandshakeAllThreads done
Event: 259.605 Executing VM operation: Cleanup
Event: 260.733 Executing VM operation: Cleanup done
Event: 261.733 Executing VM operation: Cleanup
Event: 261.884 Executing VM operation: Cleanup done
Event: 262.951 Executing VM operation: G1CollectForAllocation
Event: 264.232 Executing VM operation: G1CollectForAllocation done
Event: 264.235 Executing VM operation: G1CollectForAllocation
Event: 264.237 Executing VM operation: G1CollectForAllocation done
Event: 264.241 Executing VM operation: G1CollectForAllocation
Event: 264.242 Executing VM operation: G1CollectForAllocation done
Event: 268.173 Executing VM operation: G1CollectForAllocation

Events (20 events):
Event: 169.087 loading class java/util/EventListenerProxy done
Event: 169.087 loading class java/beans/PropertyChangeListenerProxy done
Event: 182.009 loading class java/security/NoSuchProviderException
Event: 183.590 loading class java/security/NoSuchProviderException done
Event: 184.115 loading class java/util/concurrent/ConcurrentLinkedQueue
Event: 185.013 loading class java/util/concurrent/ConcurrentLinkedQueue done
Event: 185.013 loading class java/util/concurrent/ConcurrentLinkedQueue$Node
Event: 185.423 loading class java/util/concurrent/ConcurrentLinkedQueue$Node done
Event: 247.771 loading class java/lang/ThreadLocal$SuppliedThreadLocal
Event: 248.421 loading class java/lang/ThreadLocal$SuppliedThreadLocal done
Event: 248.594 loading class java/util/logging/LogRecord
Event: 248.711 loading class java/util/logging/LogRecord done
Event: 258.861 loading class java/util/jar/JarInputStream
Event: 259.309 loading class java/util/zip/ZipInputStream
Event: 259.591 loading class java/util/zip/ZipInputStream done
Event: 259.591 loading class java/util/jar/JarInputStream done
Event: 259.591 loading class java/io/PushbackInputStream
Event: 259.949 loading class java/io/PushbackInputStream done
Event: 261.010 loading class sun/security/util/ManifestEntryVerifier
Event: 261.317 loading class sun/security/util/ManifestEntryVerifier done


Dynamic libraries:
86800000-94600000 rw-p 00000000 00:00 0 
b0200000-100000000 ---p 00000000 00:00 0 
100000000-100020000 rw-p 00000000 00:00 0 
100020000-100040000 rw-p 00000000 00:00 0 
100040000-1000c0000 rw-p 00000000 00:00 0 
1000c0000-1000e0000 rw-p 00000000 00:00 0 
1000e0000-100140000 rw-p 00000000 00:00 0 
100140000-100160000 rw-p 00000000 00:00 0 
100160000-1001c0000 rw-p 00000000 00:00 0 
1001c0000-100200000 rw-p 00000000 00:00 0 
100200000-1003e0000 rw-p 00000000 00:00 0 
1003e0000-100400000 ---p 00000000 00:00 0 
100400000-100490000 rw-p 00000000 00:00 0 
100490000-140000000 ---p 00000000 00:00 0 
55bbe8b99000-55bbe8b9a000 r-xp 00000000 08:02 56757233                   /home/tectoro/.p2/pool/plugins/org.eclipse.justj.openjdk.hotspot.jre.full.linux.x86_64_17.0.0.v20211012-1059/jre/bin/java
55bbe8d9a000-55bbe8d9b000 r--p 00001000 08:02 56757233                   /home/tectoro/.p2/pool/plugins/org.eclipse.justj.openjdk.hotspot.jre.full.linux.x86_64_17.0.0.v20211012-1059/jre/bin/java
55bbe8d9b000-55bbe8d9c000 rw-p 00002000 08:02 56757233                   /home/tectoro/.p2/pool/plugins/org.eclipse.justj.openjdk.hotspot.jre.full.linux.x86_64_17.0.0.v20211012-1059/jre/bin/java
55bbe91d5000-55bbe91f6000 rw-p 00000000 00:00 0                          [heap]
7f51b4000000-7f51b4021000 rw-p 00000000 00:00 0 
7f51b4021000-7f51b8000000 ---p 00000000 00:00 0 
7f51bc000000-7f51bc7bd000 rw-p 00000000 00:00 0 
7f51bc7bd000-7f51c0000000 ---p 00000000 00:00 0 
7f51c0000000-7f51c01aa000 rw-p 00000000 00:00 0 
7f51c01aa000-7f51c4000000 ---p 00000000 00:00 0 
7f51c4000000-7f51c4021000 rw-p 00000000 00:00 0 
7f51c4021000-7f51c8000000 ---p 00000000 00:00 0 
7f51c8000000-7f51c8021000 rw-p 00000000 00:00 0 
7f51c8021000-7f51cc000000 ---p 00000000 00:00 0 
7f51cc000000-7f51cc021000 rw-p 00000000 00:00 0 
7f51cc021000-7f51d0000000 ---p 00000000 00:00 0 
7f51d0000000-7f51d0021000 rw-p 00000000 00:00 0 
7f51d0021000-7f51d4000000 ---p 00000000 00:00 0 
7f51d4000000-7f51d4021000 rw-p 00000000 00:00 0 
7f51d4021000-7f51d8000000 ---p 00000000 00:00 0 
7f51d8000000-7f51d8021000 rw-p 00000000 00:00 0 
7f51d8021000-7f51dc000000 ---p 00000000 00:00 0 
7f51dc000000-7f51dc021000 rw-p 00000000 00:00 0 
7f51dc021000-7f51e0000000 ---p 00000000 00:00 0 
7f51e0000000-7f51e0021000 rw-p 00000000 00:00 0 
7f51e0021000-7f51e4000000 ---p 00000000 00:00 0 
7f51e4000000-7f51e4021000 rw-p 00000000 00:00 0 
7f51e4021000-7f51e8000000 ---p 00000000 00:00 0 
7f51e8000000-7f51e8021000 rw-p 00000000 00:00 0 
7f51e8021000-7f51ec000000 ---p 00000000 00:00 0 
7f51ec000000-7f51ec030000 rw-p 00000000 00:00 0 
7f51ec030000-7f51f0000000 ---p 00000000 00:00 0 
7f51f196c000-7f51f2260000 rw-p 00000000 00:00 0 
7f51f2260000-7f51f2400000 ---p 00000000 00:00 0 
7f51f25aa000-7f51f26ff000 rw-p 00000000 00:00 0 
7f51f26ff000-7f51f2700000 ---p 00000000 00:00 0 
7f51f2700000-7f51f2f00000 rw-p 00000000 00:00 0 
7f51f2f00000-7f51f2f70000 rw-p 00000000 00:00 0 
7f51f2f70000-7f51f3000000 ---p 00000000 00:00 0 
7f51f30e4000-7f51f30e8000 ---p 00000000 00:00 0 
7f51f30e8000-7f51f31e5000 rw-p 00000000 00:00 0 
7f51f31e5000-7f51f31e9000 ---p 00000000 00:00 0 
7f51f31e9000-7f51f32e6000 rw-p 00000000 00:00 0 
7f51f32e6000-7f51f32ea000 ---p 00000000 00:00 0 
7f51f32ea000-7f51f33e7000 rw-p 00000000 00:00 0 
7f51f33e7000-7f51f33eb000 ---p 00000000 00:00 0 
7f51f33eb000-7f51f34e8000 rw-p 00000000 00:00 0 
7f51f34e8000-7f51f34e9000 ---p 00000000 00:00 0 
7f51f34e9000-7f51f35e9000 rw-p 00000000 00:00 0 
7f51f35e9000-7f51f35ea000 ---p 00000000 00:00 0 
7f51f35ea000-7f51f36ea000 rw-p 00000000 00:00 0 
7f51f36ea000-7f51f36eb000 ---p 00000000 00:00 0 
7f51f36eb000-7f51f37eb000 rw-p 00000000 00:00 0 
7f51f37eb000-7f51f37ec000 ---p 00000000 00:00 0 
7f51f37ec000-7f51f38ec000 rw-p 00000000 00:00 0 
7f51f38ec000-7f51f38ed000 ---p 00000000 00:00 0 
7f51f38ed000-7f51f39ed000 rw-p 00000000 00:00 0 
7f51f39ed000-7f51f39ee000 ---p 00000000 00:00 0 
7f51f39ee000-7f51f3aee000 rw-p 00000000 00:00 0 
7f51f3aee000-7f51f3aef000 ---p 00000000 00:00 0 
7f51f3aef000-7f51f3bef000 rw-p 00000000 00:00 0 
7f51f3bef000-7f51f3bf0000 ---p 00000000 00:00 0 
7f51f3bf0000-7f51f3cf0000 rw-p 00000000 00:00 0 
7f51f3cf0000-7f51f3cf4000 ---p 00000000 00:00 0 
7f51f3cf4000-7f51f3df1000 rw-p 00000000 00:00 0 
7f51f3df1000-7f51f3dfe000 r-xp 00000000 08:02 56885382                   /home/tectoro/.p2/pool/plugins/org.eclipse.justj.openjdk.hotspot.jre.full.linux.x86_64_17.0.0.v20211012-1059/jre/lib/libverify.so
7f51f3dfe000-7f51f3ffd000 ---p 0000d000 08:02 56885382                   /home/tectoro/.p2/pool/plugins/org.eclipse.justj.openjdk.hotspot.jre.full.linux.x86_64_17.0.0.v20211012-1059/jre/lib/libverify.so
7f51f3ffd000-7f51f3fff000 r--p 0000c000 08:02 56885382                   /home/tectoro/.p2/pool/plugins/org.eclipse.justj.openjdk.hotspot.jre.full.linux.x86_64_17.0.0.v20211012-1059/jre/lib/libverify.so
7f51f3fff000-7f51f4000000 rw-p 0000e000 08:02 56885382                   /home/tectoro/.p2/pool/plugins/org.eclipse.justj.openjdk.hotspot.jre.full.linux.x86_64_17.0.0.v20211012-1059/jre/lib/libverify.so
7f51f4000000-7f51f4021000 rw-p 00000000 00:00 0 
7f51f4021000-7f51f8000000 ---p 00000000 00:00 0 
7f51f8000000-7f51f8021000 rw-p 00000000 00:00 0 
7f51f8021000-7f51fc000000 ---p 00000000 00:00 0 
7f51fc000000-7f51fc021000 rw-p 00000000 00:00 0 
7f51fc021000-7f5200000000 ---p 00000000 00:00 0 
7f5200000000-7f5200021000 rw-p 00000000 00:00 0 
7f5200021000-7f5204000000 ---p 00000000 00:00 0 
7f5204000000-7f5204021000 rw-p 00000000 00:00 0 
7f5204021000-7f5208000000 ---p 00000000 00:00 0 
7f5208000000-7f5208021000 rw-p 00000000 00:00 0 
7f5208021000-7f520c000000 ---p 00000000 00:00 0 
7f520c000000-7f520c021000 rw-p 00000000 00:00 0 
7f520c021000-7f5210000000 ---p 00000000 00:00 0 
7f5210000000-7f5210055000 rw-p 00000000 00:00 0 
7f5210055000-7f5214000000 ---p 00000000 00:00 0 
7f5214000000-7f5214021000 rw-p 00000000 00:00 0 
7f5214021000-7f5218000000 ---p 00000000 00:00 0 
7f5218000000-7f5218021000 rw-p 00000000 00:00 0 
7f5218021000-7f521c000000 ---p 00000000 00:00 0 
7f521c000000-7f521c021000 rw-p 00000000 00:00 0 
7f521c021000-7f5220000000 ---p 00000000 00:00 0 
7f5220000000-7f52204dd000 rw-p 00000000 00:00 0 
7f52204dd000-7f5224000000 ---p 00000000 00:00 0 
7f5224000000-7f5224021000 rw-p 00000000 00:00 0 
7f5224021000-7f5228000000 ---p 00000000 00:00 0 
7f5228000000-7f5228021000 rw-p 00000000 00:00 0 
7f5228021000-7f522c000000 ---p 00000000 00:00 0 
7f522c000000-7f522c021000 rw-p 00000000 00:00 0 
7f522c021000-7f5230000000 ---p 00000000 00:00 0 
7f5230000000-7f5230021000 rw-p 00000000 00:00 0 
7f5230021000-7f5234000000 ---p 00000000 00:00 0 
7f5234000000-7f5234021000 rw-p 00000000 00:00 0 
7f5234021000-7f5238000000 ---p 00000000 00:00 0 
7f5238000000-7f5238056000 rw-p 00000000 00:00 0 
7f5238056000-7f523c000000 ---p 00000000 00:00 0 
7f523c000000-7f523c021000 rw-p 00000000 00:00 0 
7f523c021000-7f5240000000 ---p 00000000 00:00 0 
7f52400f8000-7f52400f9000 ---p 00000000 00:00 0 
7f52400f9000-7f52401f9000 rw-p 00000000 00:00 0 
7f52401f9000-7f52401fd000 ---p 00000000 00:00 0 
7f52401fd000-7f52402fa000 rw-p 00000000 00:00 0 
7f52402fa000-7f52402fe000 ---p 00000000 00:00 0 
7f52402fe000-7f52403fb000 rw-p 00000000 00:00 0 
7f52403fb000-7f52403ff000 ---p 00000000 00:00 0 
7f52403ff000-7f52404fc000 rw-p 00000000 00:00 0 
7f52404fc000-7f5240500000 ---p 00000000 00:00 0 
7f5240500000-7f52405fd000 rw-p 00000000 00:00 0 
7f52405fd000-7f52405ff000 r-xp 00000000 08:02 56885421                   /home/tectoro/.p2/pool/plugins/org.eclipse.justj.openjdk.hotspot.jre.full.linux.x86_64_17.0.0.v20211012-1059/jre/lib/libextnet.so
7f52405ff000-7f52407fe000 ---p 00002000 08:02 56885421                   /home/tectoro/.p2/pool/plugins/org.eclipse.justj.openjdk.hotspot.jre.full.linux.x86_64_17.0.0.v20211012-1059/jre/lib/libextnet.so
7f52407fe000-7f52407ff000 r--p 00001000 08:02 56885421                   /home/tectoro/.p2/pool/plugins/org.eclipse.justj.openjdk.hotspot.jre.full.linux.x86_64_17.0.0.v20211012-1059/jre/lib/libextnet.so
7f52407ff000-7f5240800000 rw-p 00002000 08:02 56885421                   /home/tectoro/.p2/pool/plugins/org.eclipse.justj.openjdk.hotspot.jre.full.linux.x86_64_17.0.0.v20211012-1059/jre/lib/libextnet.so
7f5240800000-7f5240900000 rw-p 00000000 00:00 0 
7f5240900000-7f5240920000 rw-p 00000000 00:00 0 
7f5240920000-7f5240940000 rw-p 00000000 00:00 0 
7f5240940000-7f5240980000 rw-p 00000000 00:00 0 
7f5240980000-7f5240b00000 rw-p 00000000 00:00 0 
7f5240b00000-7f5240b40000 rw-p 00000000 00:00 0 
7f5240b40000-7f5240b80000 rw-p 00000000 00:00 0 
7f5240b80000-7f5240d00000 rw-p 00000000 00:00 0 
7f5240d00000-7f5240e00000 rw-p 00000000 00:00 0 
7f5240e00000-7f5241000000 rw-p 00000000 00:00 0 
7f52410c4000-7f52410c8000 ---p 00000000 00:00 0 
7f52410c8000-7f52411c5000 rw-p 00000000 00:00 0 
7f52411c5000-7f52411c9000 ---p 00000000 00:00 0 
7f52411c9000-7f52412c6000 rw-p 00000000 00:00 0 
7f52412c6000-7f52412cb000 r-xp 00000000 08:02 56885419                   /home/tectoro/.p2/pool/plugins/org.eclipse.justj.openjdk.hotspot.jre.full.linux.x86_64_17.0.0.v20211012-1059/jre/lib/libmanagement_ext.so
7f52412cb000-7f52414cb000 ---p 00005000 08:02 56885419                   /home/tectoro/.p2/pool/plugins/org.eclipse.justj.openjdk.hotspot.jre.full.linux.x86_64_17.0.0.v20211012-1059/jre/lib/libmanagement_ext.so
7f52414cb000-7f52414cc000 r--p 00005000 08:02 56885419                   /home/tectoro/.p2/pool/plugins/org.eclipse.justj.openjdk.hotspot.jre.full.linux.x86_64_17.0.0.v20211012-1059/jre/lib/libmanagement_ext.so
7f52414cc000-7f52414cd000 rw-p 00006000 08:02 56885419                   /home/tectoro/.p2/pool/plugins/org.eclipse.justj.openjdk.hotspot.jre.full.linux.x86_64_17.0.0.v20211012-1059/jre/lib/libmanagement_ext.so
7f52414cd000-7f52414d1000 r-xp 00000000 08:02 56885408                   /home/tectoro/.p2/pool/plugins/org.eclipse.justj.openjdk.hotspot.jre.full.linux.x86_64_17.0.0.v20211012-1059/jre/lib/libmanagement.so
7f52414d1000-7f52416d0000 ---p 00004000 08:02 56885408                   /home/tectoro/.p2/pool/plugins/org.eclipse.justj.openjdk.hotspot.jre.full.linux.x86_64_17.0.0.v20211012-1059/jre/lib/libmanagement.so
7f52416d0000-7f52416d1000 r--p 00003000 08:02 56885408                   /home/tectoro/.p2/pool/plugins/org.eclipse.justj.openjdk.hotspot.jre.full.linux.x86_64_17.0.0.v20211012-1059/jre/lib/libmanagement.so
7f52416d1000-7f52416d2000 rw-p 00004000 08:02 56885408                   /home/tectoro/.p2/pool/plugins/org.eclipse.justj.openjdk.hotspot.jre.full.linux.x86_64_17.0.0.v20211012-1059/jre/lib/libmanagement.so
7f52416d2000-7f52416e7000 r-xp 00000000 08:02 56885385                   /home/tectoro/.p2/pool/plugins/org.eclipse.justj.openjdk.hotspot.jre.full.linux.x86_64_17.0.0.v20211012-1059/jre/lib/libnet.so
7f52416e7000-7f52418e6000 ---p 00015000 08:02 56885385                   /home/tectoro/.p2/pool/plugins/org.eclipse.justj.openjdk.hotspot.jre.full.linux.x86_64_17.0.0.v20211012-1059/jre/lib/libnet.so
7f52418e6000-7f52418e7000 r--p 00014000 08:02 56885385                   /home/tectoro/.p2/pool/plugins/org.eclipse.justj.openjdk.hotspot.jre.full.linux.x86_64_17.0.0.v20211012-1059/jre/lib/libnet.so
7f52418e7000-7f52418e8000 rw-p 00015000 08:02 56885385                   /home/tectoro/.p2/pool/plugins/org.eclipse.justj.openjdk.hotspot.jre.full.linux.x86_64_17.0.0.v20211012-1059/jre/lib/libnet.so
7f52418e8000-7f52418fa000 r-xp 00000000 08:02 56885388                   /home/tectoro/.p2/pool/plugins/org.eclipse.justj.openjdk.hotspot.jre.full.linux.x86_64_17.0.0.v20211012-1059/jre/lib/libnio.so
7f52418fa000-7f5241af9000 ---p 00012000 08:02 56885388                   /home/tectoro/.p2/pool/plugins/org.eclipse.justj.openjdk.hotspot.jre.full.linux.x86_64_17.0.0.v20211012-1059/jre/lib/libnio.so
7f5241af9000-7f5241afa000 r--p 00011000 08:02 56885388                   /home/tectoro/.p2/pool/plugins/org.eclipse.justj.openjdk.hotspot.jre.full.linux.x86_64_17.0.0.v20211012-1059/jre/lib/libnio.so
7f5241afa000-7f5241afb000 rw-p 00012000 08:02 56885388                   /home/tectoro/.p2/pool/plugins/org.eclipse.justj.openjdk.hotspot.jre.full.linux.x86_64_17.0.0.v20211012-1059/jre/lib/libnio.so
7f5241afb000-7f5241aff000 ---p 00000000 00:00 0 
7f5241aff000-7f5241bfc000 rw-p 00000000 00:00 0 
7f5241bfc000-7f5241c00000 ---p 00000000 00:00 0 
7f5241c00000-7f5241cfd000 rw-p 00000000 00:00 0 
7f5241cfd000-7f5241d01000 ---p 00000000 00:00 0 
7f5241d01000-7f5241dfe000 rw-p 00000000 00:00 0 
7f5241dfe000-7f5241e02000 ---p 00000000 00:00 0 
7f5241e02000-7f5241eff000 rw-p 00000000 00:00 0 
7f5241eff000-7f5241f03000 ---p 00000000 00:00 0 
7f5241f03000-7f5244000000 rw-p 00000000 00:00 0 
7f5244000000-7f5244021000 rw-p 00000000 00:00 0 
7f5244021000-7f5248000000 ---p 00000000 00:00 0 
7f5248000000-7f5248021000 rw-p 00000000 00:00 0 
7f5248021000-7f524c000000 ---p 00000000 00:00 0 
7f524c000000-7f524c021000 rw-p 00000000 00:00 0 
7f524c021000-7f5250000000 ---p 00000000 00:00 0 
7f5250023000-7f5250027000 ---p 00000000 00:00 0 
7f5250027000-7f5250124000 rw-p 00000000 00:00 0 
7f5250124000-7f5250128000 ---p 00000000 00:00 0 
7f5250128000-7f5250225000 rw-p 00000000 00:00 0 
7f5250225000-7f52504fd000 r--p 00000000 08:02 58198797                   /usr/lib/locale/locale-archive
7f52504fd000-7f5250501000 ---p 00000000 00:00 0 
7f5250501000-7f52505fe000 rw-p 00000000 00:00 0 
7f52505fe000-7f5250602000 ---p 00000000 00:00 0 
7f5250602000-7f52506ff000 rw-p 00000000 00:00 0 
7f52506ff000-7f5250700000 ---p 00000000 00:00 0 
7f5250700000-7f5250c20000 rw-p 00000000 00:00 0 
7f5250c20000-7f5250c40000 rw-p 00000000 00:00 0 
7f5250c40000-7f5250c80000 rw-p 00000000 00:00 0 
7f5250c80000-7f5250d00000 rw-p 00000000 00:00 0 
7f5250d00000-7f5250f00000 rw-p 00000000 00:00 0 
7f5250f00000-7f5250f20000 rw-p 00000000 00:00 0 
7f5250f20000-7f5250f40000 rw-p 00000000 00:00 0 
7f5250f40000-7f5250f80000 rw-p 00000000 00:00 0 
7f5250f80000-7f5251000000 rw-p 00000000 00:00 0 
7f5251036000-7f5251067000 rw-p 00000000 00:00 0 
7f5251067000-7f525106e000 r-xp 00000000 08:02 56885390                   /home/tectoro/.p2/pool/plugins/org.eclipse.justj.openjdk.hotspot.jre.full.linux.x86_64_17.0.0.v20211012-1059/jre/lib/libzip.so
7f525106e000-7f525126e000 ---p 00007000 08:02 56885390                   /home/tectoro/.p2/pool/plugins/org.eclipse.justj.openjdk.hotspot.jre.full.linux.x86_64_17.0.0.v20211012-1059/jre/lib/libzip.so
7f525126e000-7f525126f000 r--p 00007000 08:02 56885390                   /home/tectoro/.p2/pool/plugins/org.eclipse.justj.openjdk.hotspot.jre.full.linux.x86_64_17.0.0.v20211012-1059/jre/lib/libzip.so
7f525126f000-7f5251270000 rw-p 00008000 08:02 56885390                   /home/tectoro/.p2/pool/plugins/org.eclipse.justj.openjdk.hotspot.jre.full.linux.x86_64_17.0.0.v20211012-1059/jre/lib/libzip.so
7f5251270000-7f52512f1000 rw-p 00000000 00:00 0 
7f52512f1000-7f52512f2000 ---p 00000000 00:00 0 
7f52512f2000-7f52513f2000 rw-p 00000000 00:00 0 
7f52513f2000-7f52513f3000 ---p 00000000 00:00 0 
7f52513f3000-7f5251af9000 rw-p 00000000 00:00 0 
7f5251af9000-7f5251afa000 ---p 00000000 00:00 0 
7f5251afa000-7f5251bfa000 rw-p 00000000 00:00 0 
7f5251bfa000-7f5251bfb000 ---p 00000000 00:00 0 
7f5251bfb000-7f5252073000 rw-p 00000000 00:00 0 
7f5252073000-7f5253b5b000 ---p 00000000 00:00 0 
7f5253b5b000-7f5253d13000 rw-p 00000000 00:00 0 
7f5253d13000-7f5253d3f000 rw-p 00000000 00:00 0 
7f5253d3f000-7f5253ed3000 rw-p 00000000 00:00 0 
7f5253ed3000-7f52559bb000 ---p 00000000 00:00 0 
7f52559bb000-7f525605b000 rwxp 00000000 00:00 0 
7f525605b000-7f52589bb000 ---p 00000000 00:00 0 
7f52589bb000-7f525c000000 r--s 00000000 08:02 56885381                   /home/tectoro/.p2/pool/plugins/org.eclipse.justj.openjdk.hotspot.jre.full.linux.x86_64_17.0.0.v20211012-1059/jre/lib/modules
7f525c000000-7f525c7ff000 rw-p 00000000 00:00 0 
7f525c7ff000-7f5260000000 ---p 00000000 00:00 0 
7f526000a000-7f52600a6000 rw-p 00000000 00:00 0 
7f52600a6000-7f52600a7000 ---p 00000000 00:00 0 
7f52600a7000-7f5260216000 rw-p 00000000 00:00 0 
7f5260216000-7f5260573000 ---p 00000000 00:00 0 
7f5260573000-7f52605e2000 rw-p 00000000 00:00 0 
7f52605e2000-7f526093f000 ---p 00000000 00:00 0 
7f526093f000-7f52609ae000 rw-p 00000000 00:00 0 
7f52609ae000-7f5260d0b000 ---p 00000000 00:00 0 
7f5260d0b000-7f5261311000 rw-p 00000000 00:00 0 
7f5261311000-7f5261335000 r-xp 00000000 08:02 56885389                   /home/tectoro/.p2/pool/plugins/org.eclipse.justj.openjdk.hotspot.jre.full.linux.x86_64_17.0.0.v20211012-1059/jre/lib/libjava.so
7f5261335000-7f5261535000 ---p 00024000 08:02 56885389                   /home/tectoro/.p2/pool/plugins/org.eclipse.justj.openjdk.hotspot.jre.full.linux.x86_64_17.0.0.v20211012-1059/jre/lib/libjava.so
7f5261535000-7f5261536000 r--p 00024000 08:02 56885389                   /home/tectoro/.p2/pool/plugins/org.eclipse.justj.openjdk.hotspot.jre.full.linux.x86_64_17.0.0.v20211012-1059/jre/lib/libjava.so
7f5261536000-7f5261537000 rw-p 00025000 08:02 56885389                   /home/tectoro/.p2/pool/plugins/org.eclipse.justj.openjdk.hotspot.jre.full.linux.x86_64_17.0.0.v20211012-1059/jre/lib/libjava.so
7f5261537000-7f5261538000 rw-p 00000000 00:00 0 
7f5261538000-7f5261543000 r-xp 00000000 08:02 17040399                   /lib/x86_64-linux-gnu/libnss_files-2.23.so
7f5261543000-7f5261742000 ---p 0000b000 08:02 17040399                   /lib/x86_64-linux-gnu/libnss_files-2.23.so
7f5261742000-7f5261743000 r--p 0000a000 08:02 17040399                   /lib/x86_64-linux-gnu/libnss_files-2.23.so
7f5261743000-7f5261744000 rw-p 0000b000 08:02 17040399                   /lib/x86_64-linux-gnu/libnss_files-2.23.so
7f5261744000-7f526174a000 rw-p 00000000 00:00 0 
7f526174a000-7f5261755000 r-xp 00000000 08:02 17040406                   /lib/x86_64-linux-gnu/libnss_nis-2.23.so
7f5261755000-7f5261954000 ---p 0000b000 08:02 17040406                   /lib/x86_64-linux-gnu/libnss_nis-2.23.so
7f5261954000-7f5261955000 r--p 0000a000 08:02 17040406                   /lib/x86_64-linux-gnu/libnss_nis-2.23.so
7f5261955000-7f5261956000 rw-p 0000b000 08:02 17040406                   /lib/x86_64-linux-gnu/libnss_nis-2.23.so
7f5261956000-7f526196c000 r-xp 00000000 08:02 17040407                   /lib/x86_64-linux-gnu/libnsl-2.23.so
7f526196c000-7f5261b6b000 ---p 00016000 08:02 17040407                   /lib/x86_64-linux-gnu/libnsl-2.23.so
7f5261b6b000-7f5261b6c000 r--p 00015000 08:02 17040407                   /lib/x86_64-linux-gnu/libnsl-2.23.so
7f5261b6c000-7f5261b6d000 rw-p 00016000 08:02 17040407                   /lib/x86_64-linux-gnu/libnsl-2.23.so
7f5261b6d000-7f5261b6f000 rw-p 00000000 00:00 0 
7f5261b6f000-7f5261b77000 r-xp 00000000 08:02 17040409                   /lib/x86_64-linux-gnu/libnss_compat-2.23.so
7f5261b77000-7f5261d76000 ---p 00008000 08:02 17040409                   /lib/x86_64-linux-gnu/libnss_compat-2.23.so
7f5261d76000-7f5261d77000 r--p 00007000 08:02 17040409                   /lib/x86_64-linux-gnu/libnss_compat-2.23.so
7f5261d77000-7f5261d78000 rw-p 00008000 08:02 17040409                   /lib/x86_64-linux-gnu/libnss_compat-2.23.so
7f5261d78000-7f5261d93000 r-xp 00000000 08:02 56885387                   /home/tectoro/.p2/pool/plugins/org.eclipse.justj.openjdk.hotspot.jre.full.linux.x86_64_17.0.0.v20211012-1059/jre/lib/libjimage.so
7f5261d93000-7f5261f92000 ---p 0001b000 08:02 56885387                   /home/tectoro/.p2/pool/plugins/org.eclipse.justj.openjdk.hotspot.jre.full.linux.x86_64_17.0.0.v20211012-1059/jre/lib/libjimage.so
7f5261f92000-7f5261f94000 r--p 0001a000 08:02 56885387                   /home/tectoro/.p2/pool/plugins/org.eclipse.justj.openjdk.hotspot.jre.full.linux.x86_64_17.0.0.v20211012-1059/jre/lib/libjimage.so
7f5261f94000-7f5261f95000 rw-p 0001c000 08:02 56885387                   /home/tectoro/.p2/pool/plugins/org.eclipse.justj.openjdk.hotspot.jre.full.linux.x86_64_17.0.0.v20211012-1059/jre/lib/libjimage.so
7f5261f95000-7f526209d000 r-xp 00000000 08:02 17040403                   /lib/x86_64-linux-gnu/libm-2.23.so
7f526209d000-7f526229c000 ---p 00108000 08:02 17040403                   /lib/x86_64-linux-gnu/libm-2.23.so
7f526229c000-7f526229d000 r--p 00107000 08:02 17040403                   /lib/x86_64-linux-gnu/libm-2.23.so
7f526229d000-7f526229e000 rw-p 00108000 08:02 17040403                   /lib/x86_64-linux-gnu/libm-2.23.so
7f526229e000-7f52622a5000 r-xp 00000000 08:02 17040398                   /lib/x86_64-linux-gnu/librt-2.23.so
7f52622a5000-7f52624a4000 ---p 00007000 08:02 17040398                   /lib/x86_64-linux-gnu/librt-2.23.so
7f52624a4000-7f52624a5000 r--p 00006000 08:02 17040398                   /lib/x86_64-linux-gnu/librt-2.23.so
7f52624a5000-7f52624a6000 rw-p 00007000 08:02 17040398                   /lib/x86_64-linux-gnu/librt-2.23.so
7f52624a6000-7f5263795000 r-xp 00000000 08:02 56885371                   /home/tectoro/.p2/pool/plugins/org.eclipse.justj.openjdk.hotspot.jre.full.linux.x86_64_17.0.0.v20211012-1059/jre/lib/server/libjvm.so
7f5263795000-7f5263994000 ---p 012ef000 08:02 56885371                   /home/tectoro/.p2/pool/plugins/org.eclipse.justj.openjdk.hotspot.jre.full.linux.x86_64_17.0.0.v20211012-1059/jre/lib/server/libjvm.so
7f5263994000-7f5263a4d000 r--p 012ee000 08:02 56885371                   /home/tectoro/.p2/pool/plugins/org.eclipse.justj.openjdk.hotspot.jre.full.linux.x86_64_17.0.0.v20211012-1059/jre/lib/server/libjvm.so
7f5263a4d000-7f5263a81000 rw-p 013a7000 08:02 56885371                   /home/tectoro/.p2/pool/plugins/org.eclipse.justj.openjdk.hotspot.jre.full.linux.x86_64_17.0.0.v20211012-1059/jre/lib/server/libjvm.so
7f5263a81000-7f5263adb000 rw-p 00000000 00:00 0 
7f5263adb000-7f5263c9b000 r-xp 00000000 08:02 17040408                   /lib/x86_64-linux-gnu/libc-2.23.so
7f5263c9b000-7f5263e9b000 ---p 001c0000 08:02 17040408                   /lib/x86_64-linux-gnu/libc-2.23.so
7f5263e9b000-7f5263e9f000 r--p 001c0000 08:02 17040408                   /lib/x86_64-linux-gnu/libc-2.23.so
7f5263e9f000-7f5263ea1000 rw-p 001c4000 08:02 17040408                   /lib/x86_64-linux-gnu/libc-2.23.so
7f5263ea1000-7f5263ea5000 rw-p 00000000 00:00 0 
7f5263ea5000-7f5263ea8000 r-xp 00000000 08:02 17040395                   /lib/x86_64-linux-gnu/libdl-2.23.so
7f5263ea8000-7f52640a7000 ---p 00003000 08:02 17040395                   /lib/x86_64-linux-gnu/libdl-2.23.so
7f52640a7000-7f52640a8000 r--p 00002000 08:02 17040395                   /lib/x86_64-linux-gnu/libdl-2.23.so
7f52640a8000-7f52640a9000 rw-p 00003000 08:02 17040395                   /lib/x86_64-linux-gnu/libdl-2.23.so
7f52640a9000-7f52640c1000 r-xp 00000000 08:02 17040390                   /lib/x86_64-linux-gnu/libpthread-2.23.so
7f52640c1000-7f52642c0000 ---p 00018000 08:02 17040390                   /lib/x86_64-linux-gnu/libpthread-2.23.so
7f52642c0000-7f52642c1000 r--p 00017000 08:02 17040390                   /lib/x86_64-linux-gnu/libpthread-2.23.so
7f52642c1000-7f52642c2000 rw-p 00018000 08:02 17040390                   /lib/x86_64-linux-gnu/libpthread-2.23.so
7f52642c2000-7f52642c6000 rw-p 00000000 00:00 0 
7f52642c6000-7f52642d5000 r-xp 00000000 08:02 56885386                   /home/tectoro/.p2/pool/plugins/org.eclipse.justj.openjdk.hotspot.jre.full.linux.x86_64_17.0.0.v20211012-1059/jre/lib/libjli.so
7f52642d5000-7f52644d5000 ---p 0000f000 08:02 56885386                   /home/tectoro/.p2/pool/plugins/org.eclipse.justj.openjdk.hotspot.jre.full.linux.x86_64_17.0.0.v20211012-1059/jre/lib/libjli.so
7f52644d5000-7f52644d6000 r--p 0000f000 08:02 56885386                   /home/tectoro/.p2/pool/plugins/org.eclipse.justj.openjdk.hotspot.jre.full.linux.x86_64_17.0.0.v20211012-1059/jre/lib/libjli.so
7f52644d6000-7f52644d7000 rw-p 00010000 08:02 56885386                   /home/tectoro/.p2/pool/plugins/org.eclipse.justj.openjdk.hotspot.jre.full.linux.x86_64_17.0.0.v20211012-1059/jre/lib/libjli.so
7f52644d7000-7f52644f0000 r-xp 00000000 08:02 17044242                   /lib/x86_64-linux-gnu/libz.so.1.2.8
7f52644f0000-7f52646ef000 ---p 00019000 08:02 17044242                   /lib/x86_64-linux-gnu/libz.so.1.2.8
7f52646ef000-7f52646f0000 r--p 00018000 08:02 17044242                   /lib/x86_64-linux-gnu/libz.so.1.2.8
7f52646f0000-7f52646f1000 rw-p 00019000 08:02 17044242                   /lib/x86_64-linux-gnu/libz.so.1.2.8
7f52646f1000-7f5264717000 r-xp 00000000 08:02 17040400                   /lib/x86_64-linux-gnu/ld-2.23.so
7f526471c000-7f52647a8000 rw-p 00000000 00:00 0 
7f52647a8000-7f52647fa000 ---p 00000000 00:00 0 
7f52647fa000-7f52647fe000 ---p 00000000 00:00 0 
7f52647fe000-7f52648ff000 rw-p 00000000 00:00 0 
7f5264903000-7f526490a000 r--s 00000000 08:02 58461269                   /usr/lib/x86_64-linux-gnu/gconv/gconv-modules.cache
7f526490a000-7f5264912000 rw-s 00000000 08:02 39846811                   /tmp/hsperfdata_tectoro/4830
7f5264912000-7f5264913000 ---p 00000000 00:00 0 
7f5264913000-7f5264914000 r--p 00000000 00:00 0 
7f5264914000-7f5264915000 ---p 00000000 00:00 0 
7f5264915000-7f5264916000 rw-p 00000000 00:00 0 
7f5264916000-7f5264917000 r--p 00025000 08:02 17040400                   /lib/x86_64-linux-gnu/ld-2.23.so
7f5264917000-7f5264918000 rw-p 00026000 08:02 17040400                   /lib/x86_64-linux-gnu/ld-2.23.so
7f5264918000-7f5264919000 rw-p 00000000 00:00 0 
7fff55fbb000-7fff55fde000 rw-p 00000000 00:00 0                          [stack]
7fff55ff1000-7fff55ff4000 r--p 00000000 00:00 0                          [vvar]
7fff55ff4000-7fff55ff6000 r-xp 00000000 00:00 0                          [vdso]
ffffffffff600000-ffffffffff601000 r-xp 00000000 00:00 0                  [vsyscall]


VM Arguments:
jvm_args: -Dcom.sun.management.jmxremote -Dcom.sun.management.jmxremote.port=38285 -Dcom.sun.management.jmxremote.authenticate=false -Dcom.sun.management.jmxremote.ssl=false -Djava.rmi.server.hostname=localhost -Dspring.jmx.enabled=true -Dspring.application.admin.enabled=true -Djava.security.egd=file:/dev/./urandom -XX:TieredStopAtLevel=1 -Dspring.boot.project.name=edureka-9 -Dfile.encoding=UTF-8 -XX:+ShowCodeDetailsInExceptionMessages 
java_command: com.tectoro.demo.Edureka9Application
java_class_path (initial): /home/tectoro/sample/edureka-9/target/classes:/home/tectoro/.m2/repository/org/springframework/boot/spring-boot-starter-data-jpa/2.6.3/spring-boot-starter-data-jpa-2.6.3.jar:/home/tectoro/.m2/repository/org/springframework/boot/spring-boot-starter-aop/2.6.3/spring-boot-starter-aop-2.6.3.jar:/home/tectoro/.m2/repository/org/springframework/spring-aop/5.3.15/spring-aop-5.3.15.jar:/home/tectoro/.m2/repository/org/aspectj/aspectjweaver/1.9.7/aspectjweaver-1.9.7.jar:/home/tectoro/.m2/repository/org/springframework/boot/spring-boot-starter-jdbc/2.6.3/spring-boot-starter-jdbc-2.6.3.jar:/home/tectoro/.m2/repository/com/zaxxer/HikariCP/4.0.3/HikariCP-4.0.3.jar:/home/tectoro/.m2/repository/org/springframework/spring-jdbc/5.3.15/spring-jdbc-5.3.15.jar:/home/tectoro/.m2/repository/jakarta/transaction/jakarta.transaction-api/1.3.3/jakarta.transaction-api-1.3.3.jar:/home/tectoro/.m2/repository/jakarta/persistence/jakarta.persistence-api/2.2.3/jakarta.persistence-api-2.2.3.jar:/home/tectoro/.m2/repository/org/hibernate/hibernate-core/5.6.4.Final/hibernate-core-5.6.4.Final.jar:/home/tectoro/.m2/repository/org/jboss/logging/jboss-logging/3.4.3.Final/jboss-logging-3.4.3.Final.jar:/home/tectoro/.m2/repository/net/bytebuddy/byte-buddy/1.11.22/byte-buddy-1.11.22.jar:/home/tectoro/.m2/repository/antlr/antlr/2.7.7/antlr-2.7.7.jar:/home/tectoro/.m2/repository/org/jboss/jandex/2.4.2.Final/jandex-2.4.2.Final.jar:/home/tectoro/.m2/repository/com/fasterxml/classmate/1.5.1/classmate-1.5.1.jar:/home/tectoro/.m2/repository/org/hibernate/common/hibernate-commons-annotations/5.1.2.Final/hibernate-commons-annotations-5.1.2.Final.jar:/home/tectoro/.m2/repository/org/glassfish/jaxb/jaxb-runtime/2.3.5/jaxb-runtime-2.3.5.jar:/home/tectoro/.m2/repository/org/glassfish/jaxb/txw2/2.3.5/txw2-2.3.5.jar:/home/tectoro/.m2/repository/com/sun/istack/istack-commons-runtime/3.0.12/istack-commons-runtime-3.0.12.jar:/home/tectoro/.m2/repository/com/sun/activation/jakarta.activation/1.2.2
Launcher Type: SUN_STANDARD

[Global flags]
     intx CICompilerCount                          = 3                                         {product} {ergonomic}
     uint ConcGCThreads                            = 2                                         {product} {ergonomic}
     uint G1ConcRefinementThreads                  = 6                                         {product} {ergonomic}
   size_t G1HeapRegionSize                         = 1048576                                   {product} {ergonomic}
    uintx GCDrainStackTargetSize                   = 64                                        {product} {ergonomic}
   size_t InitialHeapSize                          = 127926272                                 {product} {ergonomic}
     bool ManagementServer                         = true                                      {product} {command line}
   size_t MarkStackSize                            = 4194304                                   {product} {ergonomic}
   size_t MaxHeapSize                              = 2038431744                                {product} {ergonomic}
   size_t MaxNewSize                               = 1222639616                                {product} {ergonomic}
   size_t MinHeapDeltaBytes                        = 1048576                                   {product} {ergonomic}
   size_t MinHeapSize                              = 8388608                                   {product} {ergonomic}
    uintx NonProfiledCodeHeapSize                  = 0                                      {pd product} {ergonomic}
     bool ProfileInterpreter                       = false                                  {pd product} {command line}
    uintx ProfiledCodeHeapSize                     = 0                                      {pd product} {ergonomic}
     bool ShowCodeDetailsInExceptionMessages       = true                                   {manageable} {command line}
   size_t SoftMaxHeapSize                          = 2038431744                             {manageable} {ergonomic}
     intx TieredStopAtLevel                        = 1                                         {product} {command line}
     bool UseCompressedClassPointers               = true                           {product lp64_product} {ergonomic}
     bool UseCompressedOops                        = true                           {product lp64_product} {ergonomic}
     bool UseG1GC                                  = true                                      {product} {ergonomic}

Logging:
Log output configuration:
 #0: stdout all=warning uptime,level,tags
 #1: stderr all=off uptime,level,tags

Environment Variables:
PATH=/home/tectoro/bin:/home/tectoro/.local/bin:/usr/local/sbin:/usr/local/bin:/usr/sbin:/usr/bin:/sbin:/bin:/usr/games:/usr/local/games:/snap/bin
SHELL=/bin/bash
DISPLAY=:0
LANG=en_IN

Signal Handlers:
   SIGSEGV: crash_handler in libjvm.so, mask=11100100010111111101111111111110, flags=SA_RESTART|SA_SIGINFO
    SIGBUS: crash_handler in libjvm.so, mask=11100100010111111101111111111110, flags=SA_RESTART|SA_SIGINFO
    SIGFPE: crash_handler in libjvm.so, mask=11100100010111111101111111111110, flags=SA_RESTART|SA_SIGINFO
   SIGPIPE: javaSignalHandler in libjvm.so, mask=11100100010111111101111111111110, flags=SA_RESTART|SA_SIGINFO
   SIGXFSZ: javaSignalHandler in libjvm.so, mask=11100100010111111101111111111110, flags=SA_RESTART|SA_SIGINFO
    SIGILL: crash_handler in libjvm.so, mask=11100100010111111101111111111110, flags=SA_RESTART|SA_SIGINFO
   SIGUSR2: SR_handler in libjvm.so, mask=00100000000000000000000000000000, flags=SA_RESTART|SA_SIGINFO
    SIGHUP: UserHandler in libjvm.so, mask=11100100010111111101111111111110, flags=SA_RESTART|SA_SIGINFO
    SIGINT: UserHandler in libjvm.so, mask=11100100010111111101111111111110, flags=SA_RESTART|SA_SIGINFO
   SIGTERM: UserHandler in libjvm.so, mask=11100100010111111101111111111110, flags=SA_RESTART|SA_SIGINFO
   SIGQUIT: UserHandler in libjvm.so, mask=11100100010111111101111111111110, flags=SA_RESTART|SA_SIGINFO
   SIGTRAP: crash_handler in libjvm.so, mask=11100100010111111101111111111110, flags=SA_RESTART|SA_SIGINFO


---------------  S Y S T E M  ---------------

OS:
DISTRIB_ID=Ubuntu
DISTRIB_RELEASE=16.04
DISTRIB_CODENAME=xenial
DISTRIB_DESCRIPTION="Ubuntu 16.04.7 LTS"
uname: Linux 4.15.0-142-generic #146~16.04.1-Ubuntu SMP Tue Apr 13 09:27:15 UTC 2021 x86_64
OS uptime: 0 days 6:31 hours
libc: glibc 2.23 NPTL 2.23 
rlimit (soft/hard): STACK 8192k/infinity , CORE 0k/infinity , NPROC 30683/30683 , NOFILE 1048576/1048576 , AS infinity/infinity , CPU infinity/infinity , DATA infinity/infinity , FSIZE infinity/infinity , MEMLOCK 64k/64k
load average: 14.47 9.34 4.30

/proc/meminfo:
MemTotal:        7959176 kB
MemFree:          126608 kB
MemAvailable:      61652 kB
Buffers:            3616 kB
Cached:           911104 kB
SwapCached:         2572 kB
Active:          6247684 kB
Inactive:        1252384 kB
Active(anon):    6215964 kB
Inactive(anon):  1201400 kB
Active(file):      31720 kB
Inactive(file):    50984 kB
Unevictable:         144 kB
Mlocked:             144 kB
SwapTotal:       1000444 kB
SwapFree:              0 kB
Dirty:               340 kB
Writeback:            68 kB
AnonPages:       6583104 kB
Mapped:           439192 kB
Shmem:            831844 kB
Slab:             177444 kB
SReclaimable:      60664 kB
SUnreclaim:       116780 kB
KernelStack:       19680 kB
PageTables:        75564 kB
NFS_Unstable:          0 kB
Bounce:                0 kB
WritebackTmp:          0 kB
CommitLimit:     4980032 kB
Committed_AS:   16804796 kB
VmallocTotal:   34359738367 kB
VmallocUsed:           0 kB
VmallocChunk:          0 kB
HardwareCorrupted:     0 kB
AnonHugePages:         0 kB
ShmemHugePages:        0 kB
ShmemPmdMapped:        0 kB
CmaTotal:              0 kB
CmaFree:               0 kB
HugePages_Total:       0
HugePages_Free:        0
HugePages_Rsvd:        0
HugePages_Surp:        0
Hugepagesize:       2048 kB
DirectMap4k:      371288 kB
DirectMap2M:     7809024 kB
DirectMap1G:           0 kB

/sys/kernel/mm/transparent_hugepage/enabled: always [madvise] never
/sys/kernel/mm/transparent_hugepage/defrag (defrag/compaction efforts parameter): always defer defer+madvise [madvise] never

Process Memory:
Virtual Size: 5381388K (peak: 5889356K)
Resident Set Size: 156308K (peak: 157284K) (anon: 156308K, file: 0K, shmem: 0K)
Swapped out: 0K
C-Heap outstanding allocations: 20702K

/proc/sys/kernel/threads-max (system-wide limit on the number of threads): 61367
/proc/sys/vm/max_map_count (maximum number of memory map areas a process may have): 65530
/proc/sys/kernel/pid_max (system-wide limit on number of process identifiers): 32768

container (cgroup) information:
container_type: cgroupv1
cpu_cpuset_cpus: 0-5
cpu_memory_nodes: 0
active_processor_count: 6
cpu_quota: no quota
cpu_period: 100000
cpu_shares: no shares
memory_limit_in_bytes: unlimited
memory_and_swap_limit_in_bytes: not supported
memory_soft_limit_in_bytes: unlimited
memory_usage_in_bytes: 7098343424
memory_max_usage_in_bytes: 7123062784

Steal ticks since vm start: 0
Steal ticks percentage since vm start:  0.000

CPU: total 6 (initial active 6) (6 cores per cpu, 1 threads per core) family 6 model 158 stepping 10 microcode 0xde, cx8, cmov, fxsr, mmx, 3dnowpref, sse, sse2, sse3, ssse3, sse4.1, sse4.2, popcnt, lzcnt, tsc, tscinvbit, avx, avx2, aes, erms, clmul, bmi1, bmi2, rtm, adx, fma, vzeroupper, clflush, clflushopt
CPU Model and flags from /proc/cpuinfo:
model name	: Intel(R) Core(TM) i5-8500 CPU @ 3.00GHz
flags		: fpu vme de pse tsc msr pae mce cx8 apic sep mtrr pge mca cmov pat pse36 clflush dts acpi mmx fxsr sse sse2 ss ht tm pbe syscall nx pdpe1gb rdtscp lm constant_tsc art arch_perfmon pebs bts rep_good nopl xtopology nonstop_tsc cpuid aperfmperf pni pclmulqdq dtes64 monitor ds_cpl vmx smx est tm2 ssse3 sdbg fma cx16 xtpr pdcm pcid sse4_1 sse4_2 x2apic movbe popcnt tsc_deadline_timer aes xsave avx f16c rdrand lahf_lm abm 3dnowprefetch cpuid_fault epb invpcid_single pti ssbd ibrs ibpb stibp tpr_shadow vnmi flexpriority ept vpid fsgsbase tsc_adjust bmi1 hle avx2 smep bmi2 erms invpcid rtm mpx rdseed adx smap clflushopt intel_pt xsaveopt xsavec xgetbv1 xsaves dtherm ida arat pln pts hwp hwp_notify hwp_act_window hwp_epp md_clear flush_l1d

Online cpus: 0-5
Offline cpus: 
BIOS frequency limitation: <Not Available>
Frequency switch latency (ns): 0
Available cpu frequencies: <Not Available>
Current governor: powersave
Core performance/turbo boost: <Not Available>

Memory: 4k page, physical 7959176k(125368k free), swap 1000444k(0k free)
Page Sizes: 4k

vm_info: OpenJDK 64-Bit Server VM (17+35) for linux-amd64 JRE (17+35), built on Sep 14 2021 22:13:23 by "" with gcc 7.5.0

END.
